{"C:\\Users\\smlxm\\OneDrive\\Desktop\\Corsi\\Ing.Software\\Back-end\\index.js": {"path":"C:\\Users\\smlxm\\OneDrive\\Desktop\\Corsi\\Ing.Software\\Back-end\\index.js","all":false,"statementMap":{"0":{"start":{"line":1,"column":0},"end":{"line":1,"column":37}},"1":{"start":{"line":2,"column":0},"end":{"line":2,"column":42}},"2":{"start":{"line":3,"column":0},"end":{"line":3,"column":35}},"3":{"start":{"line":4,"column":0},"end":{"line":4,"column":48}},"4":{"start":{"line":5,"column":0},"end":{"line":5,"column":22}},"5":{"start":{"line":6,"column":0},"end":{"line":6,"column":29}},"6":{"start":{"line":7,"column":0},"end":{"line":7,"column":50}},"7":{"start":{"line":8,"column":0},"end":{"line":8,"column":0}},"8":{"start":{"line":9,"column":0},"end":{"line":9,"column":69}},"9":{"start":{"line":10,"column":0},"end":{"line":10,"column":72}},"10":{"start":{"line":11,"column":0},"end":{"line":11,"column":75}},"11":{"start":{"line":12,"column":0},"end":{"line":12,"column":71}},"12":{"start":{"line":13,"column":0},"end":{"line":13,"column":67}},"13":{"start":{"line":14,"column":0},"end":{"line":14,"column":65}},"14":{"start":{"line":15,"column":0},"end":{"line":15,"column":0}},"15":{"start":{"line":16,"column":0},"end":{"line":16,"column":0}},"16":{"start":{"line":17,"column":0},"end":{"line":17,"column":72}},"17":{"start":{"line":18,"column":0},"end":{"line":18,"column":24}},"18":{"start":{"line":19,"column":0},"end":{"line":19,"column":15}},"19":{"start":{"line":20,"column":0},"end":{"line":20,"column":0}},"20":{"start":{"line":21,"column":0},"end":{"line":21,"column":47}},"21":{"start":{"line":22,"column":0},"end":{"line":22,"column":44}},"22":{"start":{"line":23,"column":0},"end":{"line":23,"column":46}},"23":{"start":{"line":24,"column":0},"end":{"line":24,"column":48}},"24":{"start":{"line":25,"column":0},"end":{"line":25,"column":46}},"25":{"start":{"line":26,"column":0},"end":{"line":26,"column":45}},"26":{"start":{"line":27,"column":0},"end":{"line":27,"column":0}},"27":{"start":{"line":28,"column":0},"end":{"line":28,"column":0}},"28":{"start":{"line":29,"column":0},"end":{"line":29,"column":25}},"29":{"start":{"line":30,"column":0},"end":{"line":30,"column":24}},"30":{"start":{"line":31,"column":0},"end":{"line":31,"column":20}},"31":{"start":{"line":32,"column":0},"end":{"line":32,"column":48}},"32":{"start":{"line":33,"column":0},"end":{"line":33,"column":3}},"33":{"start":{"line":34,"column":0},"end":{"line":34,"column":0}},"34":{"start":{"line":35,"column":0},"end":{"line":35,"column":0}},"35":{"start":{"line":36,"column":0},"end":{"line":36,"column":17}},"36":{"start":{"line":37,"column":0},"end":{"line":37,"column":28}},"37":{"start":{"line":38,"column":0},"end":{"line":38,"column":56}},"38":{"start":{"line":39,"column":0},"end":{"line":39,"column":14}},"39":{"start":{"line":40,"column":0},"end":{"line":40,"column":52}},"40":{"start":{"line":41,"column":0},"end":{"line":41,"column":93}},"41":{"start":{"line":42,"column":0},"end":{"line":42,"column":5}},"42":{"start":{"line":43,"column":0},"end":{"line":43,"column":2}},"43":{"start":{"line":44,"column":0},"end":{"line":44,"column":0}},"44":{"start":{"line":45,"column":0},"end":{"line":45,"column":36}},"45":{"start":{"line":46,"column":0},"end":{"line":46,"column":32}},"46":{"start":{"line":47,"column":0},"end":{"line":47,"column":8}},"47":{"start":{"line":48,"column":0},"end":{"line":48,"column":65}},"48":{"start":{"line":49,"column":0},"end":{"line":49,"column":79}},"49":{"start":{"line":50,"column":0},"end":{"line":50,"column":6}},"50":{"start":{"line":51,"column":0},"end":{"line":51,"column":1}},"51":{"start":{"line":52,"column":0},"end":{"line":52,"column":0}},"52":{"start":{"line":53,"column":0},"end":{"line":53,"column":21}}},"s":{"0":1,"1":1,"2":1,"3":1,"4":1,"5":1,"6":1,"7":1,"8":1,"9":1,"10":1,"11":1,"12":1,"13":1,"14":1,"15":1,"16":1,"17":1,"18":1,"19":1,"20":1,"21":1,"22":1,"23":1,"24":1,"25":1,"26":1,"27":1,"28":1,"29":1,"30":7,"31":7,"32":1,"33":1,"34":1,"35":1,"36":1,"37":1,"38":1,"39":6,"40":6,"41":6,"42":1,"43":1,"44":1,"45":1,"46":1,"47":0,"48":0,"49":0,"50":0,"51":1,"52":1},"branchMap":{"0":{"type":"branch","line":47,"loc":{"start":{"line":47,"column":1},"end":{"line":51,"column":1}},"locations":[{"start":{"line":47,"column":1},"end":{"line":51,"column":1}}]},"1":{"type":"branch","line":30,"loc":{"start":{"line":30,"column":8},"end":{"line":33,"column":2}},"locations":[{"start":{"line":30,"column":8},"end":{"line":33,"column":2}}]},"2":{"type":"branch","line":39,"loc":{"start":{"line":39,"column":5},"end":{"line":42,"column":5}},"locations":[{"start":{"line":39,"column":5},"end":{"line":42,"column":5}}]},"3":{"type":"branch","line":40,"loc":{"start":{"line":40,"column":17},"end":{"line":40,"column":52}},"locations":[{"start":{"line":40,"column":17},"end":{"line":40,"column":52}}]}},"b":{"0":[0],"1":[7],"2":[6],"3":[0]},"fnMap":{},"f":{}}
,"C:\\Users\\smlxm\\OneDrive\\Desktop\\Corsi\\Ing.Software\\Back-end\\controllers\\organisation.js": {"path":"C:\\Users\\smlxm\\OneDrive\\Desktop\\Corsi\\Ing.Software\\Back-end\\controllers\\organisation.js","all":false,"statementMap":{"0":{"start":{"line":1,"column":0},"end":{"line":1,"column":55}},"1":{"start":{"line":2,"column":0},"end":{"line":2,"column":41}},"2":{"start":{"line":3,"column":0},"end":{"line":3,"column":41}},"3":{"start":{"line":4,"column":0},"end":{"line":4,"column":55}},"4":{"start":{"line":5,"column":0},"end":{"line":5,"column":19}},"5":{"start":{"line":6,"column":0},"end":{"line":6,"column":39}},"6":{"start":{"line":7,"column":0},"end":{"line":7,"column":26}},"7":{"start":{"line":8,"column":0},"end":{"line":8,"column":0}},"8":{"start":{"line":9,"column":0},"end":{"line":9,"column":13}},"9":{"start":{"line":10,"column":0},"end":{"line":10,"column":69}},"10":{"start":{"line":11,"column":0},"end":{"line":11,"column":9}},"11":{"start":{"line":12,"column":0},"end":{"line":12,"column":2}},"12":{"start":{"line":13,"column":0},"end":{"line":13,"column":0}},"13":{"start":{"line":14,"column":0},"end":{"line":14,"column":60}},"14":{"start":{"line":15,"column":0},"end":{"line":15,"column":51}},"15":{"start":{"line":16,"column":0},"end":{"line":16,"column":77}},"16":{"start":{"line":17,"column":0},"end":{"line":17,"column":15}},"17":{"start":{"line":18,"column":0},"end":{"line":18,"column":5}},"18":{"start":{"line":19,"column":0},"end":{"line":19,"column":0}},"19":{"start":{"line":20,"column":0},"end":{"line":20,"column":57}},"20":{"start":{"line":21,"column":0},"end":{"line":21,"column":66}},"21":{"start":{"line":22,"column":0},"end":{"line":22,"column":43}},"22":{"start":{"line":23,"column":0},"end":{"line":23,"column":20}},"23":{"start":{"line":24,"column":0},"end":{"line":24,"column":54}},"24":{"start":{"line":25,"column":0},"end":{"line":25,"column":130}},"25":{"start":{"line":26,"column":0},"end":{"line":26,"column":26}},"26":{"start":{"line":27,"column":0},"end":{"line":27,"column":57}},"27":{"start":{"line":28,"column":0},"end":{"line":28,"column":27}},"28":{"start":{"line":29,"column":0},"end":{"line":29,"column":17}},"29":{"start":{"line":30,"column":0},"end":{"line":30,"column":15}},"30":{"start":{"line":31,"column":0},"end":{"line":31,"column":0}},"31":{"start":{"line":32,"column":0},"end":{"line":32,"column":88}},"32":{"start":{"line":33,"column":0},"end":{"line":33,"column":54}},"33":{"start":{"line":34,"column":0},"end":{"line":34,"column":36}},"34":{"start":{"line":35,"column":0},"end":{"line":35,"column":52}},"35":{"start":{"line":36,"column":0},"end":{"line":36,"column":14}},"36":{"start":{"line":37,"column":0},"end":{"line":37,"column":0}},"37":{"start":{"line":38,"column":0},"end":{"line":38,"column":72}},"38":{"start":{"line":39,"column":0},"end":{"line":39,"column":0}},"39":{"start":{"line":40,"column":0},"end":{"line":40,"column":43}},"40":{"start":{"line":41,"column":0},"end":{"line":41,"column":49}},"41":{"start":{"line":42,"column":0},"end":{"line":42,"column":26}},"42":{"start":{"line":43,"column":0},"end":{"line":43,"column":57}},"43":{"start":{"line":44,"column":0},"end":{"line":44,"column":27}},"44":{"start":{"line":45,"column":0},"end":{"line":45,"column":17}},"45":{"start":{"line":46,"column":0},"end":{"line":46,"column":86}},"46":{"start":{"line":47,"column":0},"end":{"line":47,"column":14}},"47":{"start":{"line":48,"column":0},"end":{"line":48,"column":89}},"48":{"start":{"line":49,"column":0},"end":{"line":49,"column":16}},"49":{"start":{"line":50,"column":0},"end":{"line":50,"column":22}},"50":{"start":{"line":51,"column":0},"end":{"line":51,"column":53}},"51":{"start":{"line":52,"column":0},"end":{"line":52,"column":23}},"52":{"start":{"line":53,"column":0},"end":{"line":53,"column":13}},"53":{"start":{"line":54,"column":0},"end":{"line":54,"column":12}},"54":{"start":{"line":55,"column":0},"end":{"line":55,"column":77}},"55":{"start":{"line":56,"column":0},"end":{"line":56,"column":9}},"56":{"start":{"line":57,"column":0},"end":{"line":57,"column":6}},"57":{"start":{"line":58,"column":0},"end":{"line":58,"column":2}},"58":{"start":{"line":59,"column":0},"end":{"line":59,"column":0}},"59":{"start":{"line":60,"column":0},"end":{"line":60,"column":0}},"60":{"start":{"line":61,"column":0},"end":{"line":61,"column":26}},"61":{"start":{"line":62,"column":0},"end":{"line":62,"column":39}},"62":{"start":{"line":63,"column":0},"end":{"line":63,"column":59}},"63":{"start":{"line":64,"column":0},"end":{"line":64,"column":4}},"64":{"start":{"line":65,"column":0},"end":{"line":65,"column":68}},"65":{"start":{"line":66,"column":0},"end":{"line":66,"column":18}},"66":{"start":{"line":67,"column":0},"end":{"line":67,"column":49}},"67":{"start":{"line":68,"column":0},"end":{"line":68,"column":19}},"68":{"start":{"line":69,"column":0},"end":{"line":69,"column":9}},"69":{"start":{"line":70,"column":0},"end":{"line":70,"column":19}},"70":{"start":{"line":71,"column":0},"end":{"line":71,"column":87}},"71":{"start":{"line":72,"column":0},"end":{"line":72,"column":16}},"72":{"start":{"line":73,"column":0},"end":{"line":73,"column":57}},"73":{"start":{"line":74,"column":0},"end":{"line":74,"column":79}},"74":{"start":{"line":75,"column":0},"end":{"line":75,"column":9}},"75":{"start":{"line":76,"column":0},"end":{"line":76,"column":6}},"76":{"start":{"line":77,"column":0},"end":{"line":77,"column":2}},"77":{"start":{"line":78,"column":0},"end":{"line":78,"column":0}},"78":{"start":{"line":79,"column":0},"end":{"line":79,"column":29}},"79":{"start":{"line":80,"column":0},"end":{"line":80,"column":42}},"80":{"start":{"line":81,"column":0},"end":{"line":81,"column":60}},"81":{"start":{"line":82,"column":0},"end":{"line":82,"column":0}},"82":{"start":{"line":83,"column":0},"end":{"line":83,"column":77}},"83":{"start":{"line":84,"column":0},"end":{"line":84,"column":18}},"84":{"start":{"line":85,"column":0},"end":{"line":85,"column":49}},"85":{"start":{"line":86,"column":0},"end":{"line":86,"column":19}},"86":{"start":{"line":87,"column":0},"end":{"line":87,"column":9}},"87":{"start":{"line":88,"column":0},"end":{"line":88,"column":19}},"88":{"start":{"line":89,"column":0},"end":{"line":89,"column":59}},"89":{"start":{"line":90,"column":0},"end":{"line":90,"column":142}},"90":{"start":{"line":91,"column":0},"end":{"line":91,"column":26}},"91":{"start":{"line":92,"column":0},"end":{"line":92,"column":57}},"92":{"start":{"line":93,"column":0},"end":{"line":93,"column":27}},"93":{"start":{"line":94,"column":0},"end":{"line":94,"column":17}},"94":{"start":{"line":95,"column":0},"end":{"line":95,"column":15}},"95":{"start":{"line":96,"column":0},"end":{"line":96,"column":0}},"96":{"start":{"line":97,"column":0},"end":{"line":97,"column":77}},"97":{"start":{"line":98,"column":0},"end":{"line":98,"column":16}},"98":{"start":{"line":99,"column":0},"end":{"line":99,"column":57}},"99":{"start":{"line":100,"column":0},"end":{"line":100,"column":79}},"100":{"start":{"line":101,"column":0},"end":{"line":101,"column":9}},"101":{"start":{"line":102,"column":0},"end":{"line":102,"column":6}},"102":{"start":{"line":103,"column":0},"end":{"line":103,"column":2}},"103":{"start":{"line":104,"column":0},"end":{"line":104,"column":0}},"104":{"start":{"line":105,"column":0},"end":{"line":105,"column":16}},"105":{"start":{"line":106,"column":0},"end":{"line":106,"column":36}},"106":{"start":{"line":107,"column":0},"end":{"line":107,"column":31}},"107":{"start":{"line":108,"column":0},"end":{"line":108,"column":36}},"108":{"start":{"line":109,"column":0},"end":{"line":109,"column":64}},"109":{"start":{"line":110,"column":0},"end":{"line":110,"column":48}},"110":{"start":{"line":111,"column":0},"end":{"line":111,"column":35}},"111":{"start":{"line":112,"column":0},"end":{"line":112,"column":59}},"112":{"start":{"line":113,"column":0},"end":{"line":113,"column":87}},"113":{"start":{"line":114,"column":0},"end":{"line":114,"column":80}},"114":{"start":{"line":115,"column":0},"end":{"line":115,"column":112}},"115":{"start":{"line":116,"column":0},"end":{"line":116,"column":114}},"116":{"start":{"line":117,"column":0},"end":{"line":117,"column":0}},"117":{"start":{"line":118,"column":0},"end":{"line":118,"column":41}},"118":{"start":{"line":119,"column":0},"end":{"line":119,"column":72}},"119":{"start":{"line":120,"column":0},"end":{"line":120,"column":18}},"120":{"start":{"line":121,"column":0},"end":{"line":121,"column":79}},"121":{"start":{"line":122,"column":0},"end":{"line":122,"column":19}},"122":{"start":{"line":123,"column":0},"end":{"line":123,"column":9}},"123":{"start":{"line":124,"column":0},"end":{"line":124,"column":20}},"124":{"start":{"line":125,"column":0},"end":{"line":125,"column":72}},"125":{"start":{"line":126,"column":0},"end":{"line":126,"column":19}},"126":{"start":{"line":127,"column":0},"end":{"line":127,"column":9}},"127":{"start":{"line":128,"column":0},"end":{"line":128,"column":0}},"128":{"start":{"line":129,"column":0},"end":{"line":129,"column":81}},"129":{"start":{"line":130,"column":0},"end":{"line":130,"column":22}},"130":{"start":{"line":131,"column":0},"end":{"line":131,"column":83}},"131":{"start":{"line":132,"column":0},"end":{"line":132,"column":23}},"132":{"start":{"line":133,"column":0},"end":{"line":133,"column":13}},"133":{"start":{"line":134,"column":0},"end":{"line":134,"column":35}},"134":{"start":{"line":135,"column":0},"end":{"line":135,"column":41}},"135":{"start":{"line":136,"column":0},"end":{"line":136,"column":23}},"136":{"start":{"line":137,"column":0},"end":{"line":137,"column":13}},"137":{"start":{"line":138,"column":0},"end":{"line":138,"column":39}},"138":{"start":{"line":139,"column":0},"end":{"line":139,"column":26}},"139":{"start":{"line":140,"column":0},"end":{"line":140,"column":41}},"140":{"start":{"line":141,"column":0},"end":{"line":141,"column":55}},"141":{"start":{"line":142,"column":0},"end":{"line":142,"column":43}},"142":{"start":{"line":143,"column":0},"end":{"line":143,"column":23}},"143":{"start":{"line":144,"column":0},"end":{"line":144,"column":13}},"144":{"start":{"line":145,"column":0},"end":{"line":145,"column":49}},"145":{"start":{"line":146,"column":0},"end":{"line":146,"column":36}},"146":{"start":{"line":147,"column":0},"end":{"line":147,"column":35}},"147":{"start":{"line":148,"column":0},"end":{"line":148,"column":33}},"148":{"start":{"line":149,"column":0},"end":{"line":149,"column":52}},"149":{"start":{"line":150,"column":0},"end":{"line":150,"column":32}},"150":{"start":{"line":151,"column":0},"end":{"line":151,"column":96}},"151":{"start":{"line":152,"column":0},"end":{"line":152,"column":42}},"152":{"start":{"line":153,"column":0},"end":{"line":153,"column":25}},"153":{"start":{"line":154,"column":0},"end":{"line":154,"column":98}},"154":{"start":{"line":155,"column":0},"end":{"line":155,"column":42}},"155":{"start":{"line":156,"column":0},"end":{"line":156,"column":25}},"156":{"start":{"line":157,"column":0},"end":{"line":157,"column":96}},"157":{"start":{"line":158,"column":0},"end":{"line":158,"column":42}},"158":{"start":{"line":159,"column":0},"end":{"line":159,"column":25}},"159":{"start":{"line":160,"column":0},"end":{"line":160,"column":96}},"160":{"start":{"line":161,"column":0},"end":{"line":161,"column":42}},"161":{"start":{"line":162,"column":0},"end":{"line":162,"column":25}},"162":{"start":{"line":163,"column":0},"end":{"line":163,"column":21}},"163":{"start":{"line":164,"column":0},"end":{"line":164,"column":19}},"164":{"start":{"line":165,"column":0},"end":{"line":165,"column":28}},"165":{"start":{"line":166,"column":0},"end":{"line":166,"column":54}},"166":{"start":{"line":167,"column":0},"end":{"line":167,"column":17}},"167":{"start":{"line":168,"column":0},"end":{"line":168,"column":15}},"168":{"start":{"line":169,"column":0},"end":{"line":169,"column":56}},"169":{"start":{"line":170,"column":0},"end":{"line":170,"column":11}},"170":{"start":{"line":171,"column":0},"end":{"line":171,"column":7}},"171":{"start":{"line":172,"column":0},"end":{"line":172,"column":2}},"172":{"start":{"line":173,"column":0},"end":{"line":173,"column":0}},"173":{"start":{"line":174,"column":0},"end":{"line":174,"column":46}},"174":{"start":{"line":175,"column":0},"end":{"line":175,"column":64}},"175":{"start":{"line":176,"column":0},"end":{"line":176,"column":48}},"176":{"start":{"line":177,"column":0},"end":{"line":177,"column":40}},"177":{"start":{"line":178,"column":0},"end":{"line":178,"column":0}},"178":{"start":{"line":179,"column":0},"end":{"line":179,"column":20}},"179":{"start":{"line":180,"column":0},"end":{"line":180,"column":77}},"180":{"start":{"line":181,"column":0},"end":{"line":181,"column":15}},"181":{"start":{"line":182,"column":0},"end":{"line":182,"column":5}},"182":{"start":{"line":183,"column":0},"end":{"line":183,"column":0}},"183":{"start":{"line":184,"column":0},"end":{"line":184,"column":35}},"184":{"start":{"line":185,"column":0},"end":{"line":185,"column":72}},"185":{"start":{"line":186,"column":0},"end":{"line":186,"column":18}},"186":{"start":{"line":187,"column":0},"end":{"line":187,"column":79}},"187":{"start":{"line":188,"column":0},"end":{"line":188,"column":19}},"188":{"start":{"line":189,"column":0},"end":{"line":189,"column":9}},"189":{"start":{"line":190,"column":0},"end":{"line":190,"column":20}},"190":{"start":{"line":191,"column":0},"end":{"line":191,"column":72}},"191":{"start":{"line":192,"column":0},"end":{"line":192,"column":19}},"192":{"start":{"line":193,"column":0},"end":{"line":193,"column":9}},"193":{"start":{"line":194,"column":0},"end":{"line":194,"column":32}},"194":{"start":{"line":195,"column":0},"end":{"line":195,"column":57}},"195":{"start":{"line":196,"column":0},"end":{"line":196,"column":22}},"196":{"start":{"line":197,"column":0},"end":{"line":197,"column":83}},"197":{"start":{"line":198,"column":0},"end":{"line":198,"column":23}},"198":{"start":{"line":199,"column":0},"end":{"line":199,"column":13}},"199":{"start":{"line":200,"column":0},"end":{"line":200,"column":24}},"200":{"start":{"line":201,"column":0},"end":{"line":201,"column":69}},"201":{"start":{"line":202,"column":0},"end":{"line":202,"column":23}},"202":{"start":{"line":203,"column":0},"end":{"line":203,"column":13}},"203":{"start":{"line":204,"column":0},"end":{"line":204,"column":59}},"204":{"start":{"line":205,"column":0},"end":{"line":205,"column":49}},"205":{"start":{"line":206,"column":0},"end":{"line":206,"column":86}},"206":{"start":{"line":207,"column":0},"end":{"line":207,"column":23}},"207":{"start":{"line":208,"column":0},"end":{"line":208,"column":13}},"208":{"start":{"line":209,"column":0},"end":{"line":209,"column":40}},"209":{"start":{"line":210,"column":0},"end":{"line":210,"column":116}},"210":{"start":{"line":211,"column":0},"end":{"line":211,"column":26}},"211":{"start":{"line":212,"column":0},"end":{"line":212,"column":87}},"212":{"start":{"line":213,"column":0},"end":{"line":213,"column":27}},"213":{"start":{"line":214,"column":0},"end":{"line":214,"column":17}},"214":{"start":{"line":215,"column":0},"end":{"line":215,"column":88}},"215":{"start":{"line":216,"column":0},"end":{"line":216,"column":15}},"216":{"start":{"line":217,"column":0},"end":{"line":217,"column":11}},"217":{"start":{"line":218,"column":0},"end":{"line":218,"column":7}},"218":{"start":{"line":219,"column":0},"end":{"line":219,"column":2}},"219":{"start":{"line":220,"column":0},"end":{"line":220,"column":0}},"220":{"start":{"line":221,"column":0},"end":{"line":221,"column":0}},"221":{"start":{"line":222,"column":0},"end":{"line":222,"column":0}},"222":{"start":{"line":223,"column":0},"end":{"line":223,"column":29}},"223":{"start":{"line":224,"column":0},"end":{"line":224,"column":18}},"224":{"start":{"line":225,"column":0},"end":{"line":225,"column":20}},"225":{"start":{"line":226,"column":0},"end":{"line":226,"column":20}},"226":{"start":{"line":227,"column":0},"end":{"line":227,"column":23}},"227":{"start":{"line":228,"column":0},"end":{"line":228,"column":17}},"228":{"start":{"line":229,"column":0},"end":{"line":229,"column":26}},"229":{"start":{"line":230,"column":0},"end":{"line":230,"column":2}}},"s":{"0":1,"1":1,"2":1,"3":1,"4":1,"5":1,"6":4,"7":4,"8":4,"9":0,"10":0,"11":0,"12":4,"13":4,"14":4,"15":1,"16":1,"17":1,"18":3,"19":3,"20":3,"21":3,"22":3,"23":2,"24":2,"25":2,"26":0,"27":0,"28":0,"29":2,"30":2,"31":2,"32":2,"33":2,"34":2,"35":2,"36":2,"37":2,"38":2,"39":2,"40":2,"41":2,"42":0,"43":0,"44":0,"45":2,"46":2,"47":2,"48":3,"49":1,"50":0,"51":0,"52":0,"53":1,"54":1,"55":1,"56":3,"57":3,"58":1,"59":1,"60":1,"61":1,"62":3,"63":3,"64":3,"65":3,"66":0,"67":0,"68":0,"69":3,"70":2,"71":3,"72":1,"73":1,"74":1,"75":3,"76":3,"77":1,"78":1,"79":1,"80":2,"81":2,"82":2,"83":2,"84":0,"85":0,"86":0,"87":2,"88":1,"89":1,"90":1,"91":0,"92":0,"93":0,"94":1,"95":1,"96":1,"97":1,"98":1,"99":1,"100":1,"101":2,"102":2,"103":1,"104":1,"105":1,"106":1,"107":1,"108":4,"109":4,"110":4,"111":4,"112":4,"113":4,"114":4,"115":4,"116":4,"117":4,"118":4,"119":4,"120":0,"121":0,"122":0,"123":4,"124":1,"125":1,"126":1,"127":3,"128":3,"129":3,"130":0,"131":0,"132":0,"133":3,"134":1,"135":1,"136":1,"137":2,"138":2,"139":2,"140":2,"141":2,"142":2,"143":2,"144":0,"145":0,"146":0,"147":0,"148":0,"149":0,"150":0,"151":0,"152":0,"153":0,"154":0,"155":0,"156":0,"157":0,"158":0,"159":0,"160":0,"161":0,"162":0,"163":0,"164":0,"165":0,"166":0,"167":0,"168":0,"169":3,"170":4,"171":4,"172":1,"173":1,"174":4,"175":4,"176":4,"177":4,"178":4,"179":0,"180":0,"181":0,"182":4,"183":4,"184":4,"185":4,"186":0,"187":0,"188":0,"189":4,"190":1,"191":1,"192":1,"193":3,"194":3,"195":3,"196":0,"197":0,"198":0,"199":3,"200":1,"201":1,"202":1,"203":2,"204":3,"205":1,"206":1,"207":1,"208":1,"209":1,"210":1,"211":0,"212":0,"213":0,"214":1,"215":1,"216":3,"217":4,"218":4,"219":1,"220":1,"221":1,"222":1,"223":1,"224":1,"225":1,"226":1,"227":1,"228":1,"229":1},"branchMap":{"0":{"type":"branch","line":6,"loc":{"start":{"line":6,"column":24},"end":{"line":58,"column":2}},"locations":[{"start":{"line":6,"column":24},"end":{"line":58,"column":2}}]},"1":{"type":"branch","line":9,"loc":{"start":{"line":9,"column":12},"end":{"line":12,"column":2}},"locations":[{"start":{"line":9,"column":12},"end":{"line":12,"column":2}}]},"2":{"type":"branch","line":15,"loc":{"start":{"line":15,"column":22},"end":{"line":15,"column":48}},"locations":[{"start":{"line":15,"column":22},"end":{"line":15,"column":48}}]},"3":{"type":"branch","line":15,"loc":{"start":{"line":15,"column":50},"end":{"line":18,"column":5}},"locations":[{"start":{"line":15,"column":50},"end":{"line":18,"column":5}}]},"4":{"type":"branch","line":18,"loc":{"start":{"line":18,"column":4},"end":{"line":58,"column":2}},"locations":[{"start":{"line":18,"column":4},"end":{"line":58,"column":2}}]},"5":{"type":"branch","line":21,"loc":{"start":{"line":21,"column":50},"end":{"line":57,"column":5}},"locations":[{"start":{"line":21,"column":50},"end":{"line":57,"column":5}}]},"6":{"type":"branch","line":23,"loc":{"start":{"line":23,"column":19},"end":{"line":49,"column":9}},"locations":[{"start":{"line":23,"column":19},"end":{"line":49,"column":9}}]},"7":{"type":"branch","line":49,"loc":{"start":{"line":49,"column":9},"end":{"line":56,"column":9}},"locations":[{"start":{"line":49,"column":9},"end":{"line":56,"column":9}}]},"8":{"type":"branch","line":50,"loc":{"start":{"line":50,"column":21},"end":{"line":53,"column":13}},"locations":[{"start":{"line":50,"column":21},"end":{"line":53,"column":13}}]},"9":{"type":"branch","line":25,"loc":{"start":{"line":25,"column":114},"end":{"line":30,"column":13}},"locations":[{"start":{"line":25,"column":114},"end":{"line":30,"column":13}}]},"10":{"type":"branch","line":26,"loc":{"start":{"line":26,"column":25},"end":{"line":29,"column":17}},"locations":[{"start":{"line":26,"column":25},"end":{"line":29,"column":17}}]},"11":{"type":"branch","line":41,"loc":{"start":{"line":41,"column":33},"end":{"line":47,"column":13}},"locations":[{"start":{"line":41,"column":33},"end":{"line":47,"column":13}}]},"12":{"type":"branch","line":42,"loc":{"start":{"line":42,"column":25},"end":{"line":45,"column":17}},"locations":[{"start":{"line":42,"column":25},"end":{"line":45,"column":17}}]},"13":{"type":"branch","line":62,"loc":{"start":{"line":62,"column":24},"end":{"line":77,"column":2}},"locations":[{"start":{"line":62,"column":24},"end":{"line":77,"column":2}}]},"14":{"type":"branch","line":65,"loc":{"start":{"line":65,"column":52},"end":{"line":76,"column":5}},"locations":[{"start":{"line":65,"column":52},"end":{"line":76,"column":5}}]},"15":{"type":"branch","line":66,"loc":{"start":{"line":66,"column":17},"end":{"line":69,"column":9}},"locations":[{"start":{"line":66,"column":17},"end":{"line":69,"column":9}}]},"16":{"type":"branch","line":70,"loc":{"start":{"line":70,"column":18},"end":{"line":72,"column":9}},"locations":[{"start":{"line":70,"column":18},"end":{"line":72,"column":9}}]},"17":{"type":"branch","line":72,"loc":{"start":{"line":72,"column":9},"end":{"line":75,"column":9}},"locations":[{"start":{"line":72,"column":9},"end":{"line":75,"column":9}}]},"18":{"type":"branch","line":80,"loc":{"start":{"line":80,"column":27},"end":{"line":103,"column":2}},"locations":[{"start":{"line":80,"column":27},"end":{"line":103,"column":2}}]},"19":{"type":"branch","line":83,"loc":{"start":{"line":83,"column":61},"end":{"line":102,"column":5}},"locations":[{"start":{"line":83,"column":61},"end":{"line":102,"column":5}}]},"20":{"type":"branch","line":84,"loc":{"start":{"line":84,"column":17},"end":{"line":87,"column":9}},"locations":[{"start":{"line":84,"column":17},"end":{"line":87,"column":9}}]},"21":{"type":"branch","line":88,"loc":{"start":{"line":88,"column":18},"end":{"line":101,"column":9}},"locations":[{"start":{"line":88,"column":18},"end":{"line":101,"column":9}}]},"22":{"type":"branch","line":90,"loc":{"start":{"line":90,"column":126},"end":{"line":95,"column":13}},"locations":[{"start":{"line":90,"column":126},"end":{"line":95,"column":13}}]},"23":{"type":"branch","line":91,"loc":{"start":{"line":91,"column":25},"end":{"line":94,"column":17}},"locations":[{"start":{"line":91,"column":25},"end":{"line":94,"column":17}}]},"24":{"type":"branch","line":108,"loc":{"start":{"line":108,"column":21},"end":{"line":172,"column":2}},"locations":[{"start":{"line":108,"column":21},"end":{"line":172,"column":2}}]},"25":{"type":"branch","line":119,"loc":{"start":{"line":119,"column":56},"end":{"line":171,"column":5}},"locations":[{"start":{"line":119,"column":56},"end":{"line":171,"column":5}}]},"26":{"type":"branch","line":120,"loc":{"start":{"line":120,"column":17},"end":{"line":123,"column":9}},"locations":[{"start":{"line":120,"column":17},"end":{"line":123,"column":9}}]},"27":{"type":"branch","line":124,"loc":{"start":{"line":124,"column":19},"end":{"line":127,"column":9}},"locations":[{"start":{"line":124,"column":19},"end":{"line":127,"column":9}}]},"28":{"type":"branch","line":127,"loc":{"start":{"line":127,"column":8},"end":{"line":171,"column":5}},"locations":[{"start":{"line":127,"column":8},"end":{"line":171,"column":5}}]},"29":{"type":"branch","line":129,"loc":{"start":{"line":129,"column":65},"end":{"line":170,"column":9}},"locations":[{"start":{"line":129,"column":65},"end":{"line":170,"column":9}}]},"30":{"type":"branch","line":130,"loc":{"start":{"line":130,"column":21},"end":{"line":133,"column":13}},"locations":[{"start":{"line":130,"column":21},"end":{"line":133,"column":13}}]},"31":{"type":"branch","line":134,"loc":{"start":{"line":134,"column":34},"end":{"line":137,"column":13}},"locations":[{"start":{"line":134,"column":34},"end":{"line":137,"column":13}}]},"32":{"type":"branch","line":137,"loc":{"start":{"line":137,"column":12},"end":{"line":144,"column":13}},"locations":[{"start":{"line":137,"column":12},"end":{"line":144,"column":13}}]},"33":{"type":"branch","line":144,"loc":{"start":{"line":144,"column":12},"end":{"line":170,"column":9}},"locations":[{"start":{"line":144,"column":12},"end":{"line":170,"column":9}}]},"34":{"type":"branch","line":141,"loc":{"start":{"line":141,"column":32},"end":{"line":141,"column":53}},"locations":[{"start":{"line":141,"column":32},"end":{"line":141,"column":53}}]},"35":{"type":"branch","line":174,"loc":{"start":{"line":174,"column":31},"end":{"line":219,"column":2}},"locations":[{"start":{"line":174,"column":31},"end":{"line":219,"column":2}}]},"36":{"type":"branch","line":179,"loc":{"start":{"line":179,"column":19},"end":{"line":182,"column":5}},"locations":[{"start":{"line":179,"column":19},"end":{"line":182,"column":5}}]},"37":{"type":"branch","line":185,"loc":{"start":{"line":185,"column":56},"end":{"line":218,"column":5}},"locations":[{"start":{"line":185,"column":56},"end":{"line":218,"column":5}}]},"38":{"type":"branch","line":186,"loc":{"start":{"line":186,"column":17},"end":{"line":189,"column":9}},"locations":[{"start":{"line":186,"column":17},"end":{"line":189,"column":9}}]},"39":{"type":"branch","line":190,"loc":{"start":{"line":190,"column":19},"end":{"line":193,"column":9}},"locations":[{"start":{"line":190,"column":19},"end":{"line":193,"column":9}}]},"40":{"type":"branch","line":193,"loc":{"start":{"line":193,"column":8},"end":{"line":218,"column":5}},"locations":[{"start":{"line":193,"column":8},"end":{"line":218,"column":5}}]},"41":{"type":"branch","line":195,"loc":{"start":{"line":195,"column":41},"end":{"line":217,"column":9}},"locations":[{"start":{"line":195,"column":41},"end":{"line":217,"column":9}}]},"42":{"type":"branch","line":196,"loc":{"start":{"line":196,"column":21},"end":{"line":199,"column":13}},"locations":[{"start":{"line":196,"column":21},"end":{"line":199,"column":13}}]},"43":{"type":"branch","line":200,"loc":{"start":{"line":200,"column":23},"end":{"line":203,"column":13}},"locations":[{"start":{"line":200,"column":23},"end":{"line":203,"column":13}}]},"44":{"type":"branch","line":203,"loc":{"start":{"line":203,"column":12},"end":{"line":205,"column":48}},"locations":[{"start":{"line":203,"column":12},"end":{"line":205,"column":48}}]},"45":{"type":"branch","line":205,"loc":{"start":{"line":205,"column":48},"end":{"line":217,"column":9}},"locations":[{"start":{"line":205,"column":48},"end":{"line":217,"column":9}}]},"46":{"type":"branch","line":210,"loc":{"start":{"line":210,"column":100},"end":{"line":216,"column":13}},"locations":[{"start":{"line":210,"column":100},"end":{"line":216,"column":13}}]},"47":{"type":"branch","line":211,"loc":{"start":{"line":211,"column":25},"end":{"line":214,"column":17}},"locations":[{"start":{"line":211,"column":25},"end":{"line":214,"column":17}}]}},"b":{"0":[4],"1":[0],"2":[3],"3":[1],"4":[3],"5":[3],"6":[2],"7":[1],"8":[0],"9":[2],"10":[0],"11":[2],"12":[0],"13":[3],"14":[3],"15":[0],"16":[2],"17":[1],"18":[2],"19":[2],"20":[0],"21":[1],"22":[1],"23":[0],"24":[4],"25":[4],"26":[0],"27":[1],"28":[3],"29":[3],"30":[0],"31":[1],"32":[2],"33":[0],"34":[26],"35":[4],"36":[0],"37":[4],"38":[0],"39":[1],"40":[3],"41":[3],"42":[0],"43":[1],"44":[2],"45":[1],"46":[1],"47":[0]},"fnMap":{"0":{"name":"newOrganisation","decl":{"start":{"line":6,"column":24},"end":{"line":58,"column":2}},"loc":{"start":{"line":6,"column":24},"end":{"line":58,"column":2}},"line":6},"1":{"name":"getOrganisation","decl":{"start":{"line":62,"column":24},"end":{"line":77,"column":2}},"loc":{"start":{"line":62,"column":24},"end":{"line":77,"column":2}},"line":62},"2":{"name":"deleteOrganisation","decl":{"start":{"line":80,"column":27},"end":{"line":103,"column":2}},"loc":{"start":{"line":80,"column":27},"end":{"line":103,"column":2}},"line":80},"3":{"name":"getAllRobots","decl":{"start":{"line":108,"column":21},"end":{"line":172,"column":2}},"loc":{"start":{"line":108,"column":21},"end":{"line":172,"column":2}},"line":108},"4":{"name":"addRobotToOrganisation","decl":{"start":{"line":174,"column":31},"end":{"line":219,"column":2}},"loc":{"start":{"line":174,"column":31},"end":{"line":219,"column":2}},"line":174}},"f":{"0":4,"1":3,"2":2,"3":4,"4":4}}
,"C:\\Users\\smlxm\\OneDrive\\Desktop\\Corsi\\Ing.Software\\Back-end\\controllers\\piano_pulizia.js": {"path":"C:\\Users\\smlxm\\OneDrive\\Desktop\\Corsi\\Ing.Software\\Back-end\\controllers\\piano_pulizia.js","all":false,"statementMap":{"0":{"start":{"line":1,"column":0},"end":{"line":1,"column":57}},"1":{"start":{"line":2,"column":0},"end":{"line":2,"column":57}},"2":{"start":{"line":3,"column":0},"end":{"line":3,"column":41}},"3":{"start":{"line":4,"column":0},"end":{"line":4,"column":57}},"4":{"start":{"line":5,"column":0},"end":{"line":5,"column":20}},"5":{"start":{"line":6,"column":0},"end":{"line":6,"column":42}},"6":{"start":{"line":7,"column":0},"end":{"line":7,"column":30}},"7":{"start":{"line":8,"column":0},"end":{"line":8,"column":0}},"8":{"start":{"line":9,"column":0},"end":{"line":9,"column":78}},"9":{"start":{"line":10,"column":0},"end":{"line":10,"column":101}},"10":{"start":{"line":11,"column":0},"end":{"line":11,"column":82}},"11":{"start":{"line":12,"column":0},"end":{"line":12,"column":5}},"12":{"start":{"line":13,"column":0},"end":{"line":13,"column":0}},"13":{"start":{"line":14,"column":0},"end":{"line":14,"column":71}},"14":{"start":{"line":15,"column":0},"end":{"line":15,"column":51}},"15":{"start":{"line":16,"column":0},"end":{"line":16,"column":47}},"16":{"start":{"line":17,"column":0},"end":{"line":17,"column":0}},"17":{"start":{"line":18,"column":0},"end":{"line":18,"column":57}},"18":{"start":{"line":19,"column":0},"end":{"line":19,"column":79}},"19":{"start":{"line":20,"column":0},"end":{"line":20,"column":76}},"20":{"start":{"line":21,"column":0},"end":{"line":21,"column":5}},"21":{"start":{"line":22,"column":0},"end":{"line":22,"column":0}},"22":{"start":{"line":23,"column":0},"end":{"line":23,"column":47}},"23":{"start":{"line":24,"column":0},"end":{"line":24,"column":65}},"24":{"start":{"line":25,"column":0},"end":{"line":25,"column":98}},"25":{"start":{"line":26,"column":0},"end":{"line":26,"column":5}},"26":{"start":{"line":27,"column":0},"end":{"line":27,"column":0}},"27":{"start":{"line":28,"column":0},"end":{"line":28,"column":44}},"28":{"start":{"line":29,"column":0},"end":{"line":29,"column":50}},"29":{"start":{"line":30,"column":0},"end":{"line":30,"column":96}},"30":{"start":{"line":31,"column":0},"end":{"line":31,"column":5}},"31":{"start":{"line":32,"column":0},"end":{"line":32,"column":0}},"32":{"start":{"line":33,"column":0},"end":{"line":33,"column":83}},"33":{"start":{"line":34,"column":0},"end":{"line":34,"column":48}},"34":{"start":{"line":35,"column":0},"end":{"line":35,"column":25}},"35":{"start":{"line":36,"column":0},"end":{"line":36,"column":38}},"36":{"start":{"line":37,"column":0},"end":{"line":37,"column":34}},"37":{"start":{"line":38,"column":0},"end":{"line":38,"column":49}},"38":{"start":{"line":39,"column":0},"end":{"line":39,"column":20}},"39":{"start":{"line":40,"column":0},"end":{"line":40,"column":7}},"40":{"start":{"line":41,"column":0},"end":{"line":41,"column":0}},"41":{"start":{"line":42,"column":0},"end":{"line":42,"column":35}},"42":{"start":{"line":43,"column":0},"end":{"line":43,"column":42}},"43":{"start":{"line":44,"column":0},"end":{"line":44,"column":89}},"44":{"start":{"line":45,"column":0},"end":{"line":45,"column":42}},"45":{"start":{"line":46,"column":0},"end":{"line":46,"column":6}},"46":{"start":{"line":47,"column":0},"end":{"line":47,"column":2}},"47":{"start":{"line":48,"column":0},"end":{"line":48,"column":0}},"48":{"start":{"line":49,"column":0},"end":{"line":49,"column":33}},"49":{"start":{"line":50,"column":0},"end":{"line":50,"column":39}},"50":{"start":{"line":51,"column":0},"end":{"line":51,"column":43}},"51":{"start":{"line":52,"column":0},"end":{"line":52,"column":51}},"52":{"start":{"line":53,"column":0},"end":{"line":53,"column":0}},"53":{"start":{"line":54,"column":0},"end":{"line":54,"column":31}},"54":{"start":{"line":55,"column":0},"end":{"line":55,"column":82}},"55":{"start":{"line":56,"column":0},"end":{"line":56,"column":5}},"56":{"start":{"line":57,"column":0},"end":{"line":57,"column":0}},"57":{"start":{"line":58,"column":0},"end":{"line":58,"column":35}},"58":{"start":{"line":59,"column":0},"end":{"line":59,"column":71}},"59":{"start":{"line":60,"column":0},"end":{"line":60,"column":18}},"60":{"start":{"line":61,"column":0},"end":{"line":61,"column":84}},"61":{"start":{"line":62,"column":0},"end":{"line":62,"column":9}},"62":{"start":{"line":63,"column":0},"end":{"line":63,"column":0}},"63":{"start":{"line":64,"column":0},"end":{"line":64,"column":31}},"64":{"start":{"line":65,"column":0},"end":{"line":65,"column":77}},"65":{"start":{"line":66,"column":0},"end":{"line":66,"column":9}},"66":{"start":{"line":67,"column":0},"end":{"line":67,"column":0}},"67":{"start":{"line":68,"column":0},"end":{"line":68,"column":89}},"68":{"start":{"line":69,"column":0},"end":{"line":69,"column":22}},"69":{"start":{"line":70,"column":0},"end":{"line":70,"column":88}},"70":{"start":{"line":71,"column":0},"end":{"line":71,"column":13}},"71":{"start":{"line":72,"column":0},"end":{"line":72,"column":4}},"72":{"start":{"line":73,"column":0},"end":{"line":73,"column":36}},"73":{"start":{"line":74,"column":0},"end":{"line":74,"column":73}},"74":{"start":{"line":75,"column":0},"end":{"line":75,"column":13}},"75":{"start":{"line":76,"column":0},"end":{"line":76,"column":4}},"76":{"start":{"line":77,"column":0},"end":{"line":77,"column":54}},"77":{"start":{"line":78,"column":0},"end":{"line":78,"column":47}},"78":{"start":{"line":79,"column":0},"end":{"line":79,"column":41}},"79":{"start":{"line":80,"column":0},"end":{"line":80,"column":15}},"80":{"start":{"line":81,"column":0},"end":{"line":81,"column":4}},"81":{"start":{"line":82,"column":0},"end":{"line":82,"column":45}},"82":{"start":{"line":83,"column":0},"end":{"line":83,"column":11}},"83":{"start":{"line":84,"column":0},"end":{"line":84,"column":7}},"84":{"start":{"line":85,"column":0},"end":{"line":85,"column":2}},"85":{"start":{"line":86,"column":0},"end":{"line":86,"column":0}},"86":{"start":{"line":87,"column":0},"end":{"line":87,"column":26}},"87":{"start":{"line":88,"column":0},"end":{"line":88,"column":13}},"88":{"start":{"line":89,"column":0},"end":{"line":89,"column":49}},"89":{"start":{"line":90,"column":0},"end":{"line":90,"column":29}},"90":{"start":{"line":91,"column":0},"end":{"line":91,"column":0}},"91":{"start":{"line":92,"column":0},"end":{"line":92,"column":48}},"92":{"start":{"line":93,"column":0},"end":{"line":93,"column":18}},"93":{"start":{"line":94,"column":0},"end":{"line":94,"column":84}},"94":{"start":{"line":95,"column":0},"end":{"line":95,"column":9}},"95":{"start":{"line":96,"column":0},"end":{"line":96,"column":0}},"96":{"start":{"line":97,"column":0},"end":{"line":97,"column":20}},"97":{"start":{"line":98,"column":0},"end":{"line":98,"column":64}},"98":{"start":{"line":99,"column":0},"end":{"line":99,"column":9}},"99":{"start":{"line":100,"column":0},"end":{"line":100,"column":0}},"100":{"start":{"line":101,"column":0},"end":{"line":101,"column":42}},"101":{"start":{"line":102,"column":0},"end":{"line":102,"column":7}},"102":{"start":{"line":103,"column":0},"end":{"line":103,"column":2}},"103":{"start":{"line":104,"column":0},"end":{"line":104,"column":0}},"104":{"start":{"line":105,"column":0},"end":{"line":105,"column":41}},"105":{"start":{"line":106,"column":0},"end":{"line":106,"column":51}},"106":{"start":{"line":107,"column":0},"end":{"line":107,"column":31}},"107":{"start":{"line":108,"column":0},"end":{"line":108,"column":28}},"108":{"start":{"line":109,"column":0},"end":{"line":109,"column":0}},"109":{"start":{"line":110,"column":0},"end":{"line":110,"column":66}},"110":{"start":{"line":111,"column":0},"end":{"line":111,"column":18}},"111":{"start":{"line":112,"column":0},"end":{"line":112,"column":84}},"112":{"start":{"line":113,"column":0},"end":{"line":113,"column":9}},"113":{"start":{"line":114,"column":0},"end":{"line":114,"column":0}},"114":{"start":{"line":115,"column":0},"end":{"line":115,"column":20}},"115":{"start":{"line":116,"column":0},"end":{"line":116,"column":69}},"116":{"start":{"line":117,"column":0},"end":{"line":117,"column":9}},"117":{"start":{"line":118,"column":0},"end":{"line":118,"column":37}},"118":{"start":{"line":119,"column":0},"end":{"line":119,"column":69}},"119":{"start":{"line":120,"column":0},"end":{"line":120,"column":9}},"120":{"start":{"line":121,"column":0},"end":{"line":121,"column":0}},"121":{"start":{"line":122,"column":0},"end":{"line":122,"column":42}},"122":{"start":{"line":123,"column":0},"end":{"line":123,"column":7}},"123":{"start":{"line":124,"column":0},"end":{"line":124,"column":2}},"124":{"start":{"line":125,"column":0},"end":{"line":125,"column":0}},"125":{"start":{"line":126,"column":0},"end":{"line":126,"column":43}},"126":{"start":{"line":127,"column":0},"end":{"line":127,"column":43}},"127":{"start":{"line":128,"column":0},"end":{"line":128,"column":31}},"128":{"start":{"line":129,"column":0},"end":{"line":129,"column":0}},"129":{"start":{"line":130,"column":0},"end":{"line":130,"column":51}},"130":{"start":{"line":131,"column":0},"end":{"line":131,"column":18}},"131":{"start":{"line":132,"column":0},"end":{"line":132,"column":84}},"132":{"start":{"line":133,"column":0},"end":{"line":133,"column":9}},"133":{"start":{"line":134,"column":0},"end":{"line":134,"column":0}},"134":{"start":{"line":135,"column":0},"end":{"line":135,"column":26}},"135":{"start":{"line":136,"column":0},"end":{"line":136,"column":70}},"136":{"start":{"line":137,"column":0},"end":{"line":137,"column":9}},"137":{"start":{"line":138,"column":0},"end":{"line":138,"column":0}},"138":{"start":{"line":139,"column":0},"end":{"line":139,"column":31}},"139":{"start":{"line":140,"column":0},"end":{"line":140,"column":62}},"140":{"start":{"line":141,"column":0},"end":{"line":141,"column":33}},"141":{"start":{"line":142,"column":0},"end":{"line":142,"column":80}},"142":{"start":{"line":143,"column":0},"end":{"line":143,"column":42}},"143":{"start":{"line":144,"column":0},"end":{"line":144,"column":25}},"144":{"start":{"line":145,"column":0},"end":{"line":145,"column":30}},"145":{"start":{"line":146,"column":0},"end":{"line":146,"column":22}},"146":{"start":{"line":147,"column":0},"end":{"line":147,"column":88}},"147":{"start":{"line":148,"column":0},"end":{"line":148,"column":13}},"148":{"start":{"line":149,"column":0},"end":{"line":149,"column":0}},"149":{"start":{"line":150,"column":0},"end":{"line":150,"column":32}},"150":{"start":{"line":151,"column":0},"end":{"line":151,"column":0}},"151":{"start":{"line":152,"column":0},"end":{"line":152,"column":30}},"152":{"start":{"line":153,"column":0},"end":{"line":153,"column":0}},"153":{"start":{"line":154,"column":0},"end":{"line":154,"column":24}},"154":{"start":{"line":155,"column":0},"end":{"line":155,"column":73}},"155":{"start":{"line":156,"column":0},"end":{"line":156,"column":13}},"156":{"start":{"line":157,"column":0},"end":{"line":157,"column":0}},"157":{"start":{"line":158,"column":0},"end":{"line":158,"column":59}},"158":{"start":{"line":159,"column":0},"end":{"line":159,"column":38}},"159":{"start":{"line":160,"column":0},"end":{"line":160,"column":91}},"160":{"start":{"line":161,"column":0},"end":{"line":161,"column":13}},"161":{"start":{"line":162,"column":0},"end":{"line":162,"column":0}},"162":{"start":{"line":163,"column":0},"end":{"line":163,"column":57}},"163":{"start":{"line":164,"column":0},"end":{"line":164,"column":113}},"164":{"start":{"line":165,"column":0},"end":{"line":165,"column":26}},"165":{"start":{"line":166,"column":0},"end":{"line":166,"column":92}},"166":{"start":{"line":167,"column":0},"end":{"line":167,"column":17}},"167":{"start":{"line":168,"column":0},"end":{"line":168,"column":0}},"168":{"start":{"line":169,"column":0},"end":{"line":169,"column":40}},"169":{"start":{"line":170,"column":0},"end":{"line":170,"column":77}},"170":{"start":{"line":171,"column":0},"end":{"line":171,"column":17}},"171":{"start":{"line":172,"column":0},"end":{"line":172,"column":0}},"172":{"start":{"line":173,"column":0},"end":{"line":173,"column":50}},"173":{"start":{"line":174,"column":0},"end":{"line":174,"column":15}},"174":{"start":{"line":175,"column":0},"end":{"line":175,"column":11}},"175":{"start":{"line":176,"column":0},"end":{"line":176,"column":7}},"176":{"start":{"line":177,"column":0},"end":{"line":177,"column":2}},"177":{"start":{"line":178,"column":0},"end":{"line":178,"column":0}},"178":{"start":{"line":179,"column":0},"end":{"line":179,"column":29}},"179":{"start":{"line":180,"column":0},"end":{"line":180,"column":18}},"180":{"start":{"line":181,"column":0},"end":{"line":181,"column":23}},"181":{"start":{"line":182,"column":0},"end":{"line":182,"column":24}},"182":{"start":{"line":183,"column":0},"end":{"line":183,"column":30}},"183":{"start":{"line":184,"column":0},"end":{"line":184,"column":32}},"184":{"start":{"line":185,"column":0},"end":{"line":185,"column":26}},"185":{"start":{"line":186,"column":0},"end":{"line":186,"column":2}}},"s":{"0":1,"1":1,"2":1,"3":1,"4":1,"5":1,"6":5,"7":5,"8":5,"9":5,"10":1,"11":1,"12":4,"13":4,"14":4,"15":4,"16":4,"17":4,"18":5,"19":0,"20":0,"21":4,"22":4,"23":5,"24":1,"25":1,"26":3,"27":3,"28":5,"29":1,"30":1,"31":2,"32":2,"33":2,"34":2,"35":2,"36":2,"37":2,"38":2,"39":2,"40":2,"41":2,"42":2,"43":2,"44":2,"45":2,"46":2,"47":1,"48":1,"49":1,"50":1,"51":3,"52":3,"53":3,"54":1,"55":1,"56":2,"57":2,"58":2,"59":2,"60":0,"61":0,"62":2,"63":2,"64":0,"65":0,"66":2,"67":2,"68":2,"69":0,"70":0,"71":2,"72":2,"73":0,"74":0,"75":2,"76":2,"77":2,"78":220,"79":2,"80":2,"81":2,"82":2,"83":2,"84":2,"85":1,"86":1,"87":1,"88":1,"89":4,"90":4,"91":4,"92":4,"93":0,"94":0,"95":4,"96":4,"97":1,"98":1,"99":3,"100":3,"101":4,"102":4,"103":1,"104":1,"105":1,"106":3,"107":3,"108":3,"109":3,"110":3,"111":0,"112":0,"113":3,"114":3,"115":3,"116":3,"117":0,"118":0,"119":0,"120":0,"121":0,"122":3,"123":3,"124":1,"125":1,"126":1,"127":3,"128":3,"129":3,"130":3,"131":0,"132":0,"133":3,"134":3,"135":1,"136":1,"137":2,"138":2,"139":2,"140":2,"141":2,"142":2,"143":2,"144":2,"145":2,"146":0,"147":0,"148":2,"149":2,"150":2,"151":2,"152":2,"153":2,"154":0,"155":0,"156":2,"157":2,"158":2,"159":2,"160":2,"161":0,"162":0,"163":0,"164":0,"165":0,"166":0,"167":0,"168":0,"169":0,"170":0,"171":0,"172":0,"173":0,"174":2,"175":3,"176":3,"177":1,"178":1,"179":1,"180":1,"181":1,"182":1,"183":1,"184":1,"185":1},"branchMap":{"0":{"type":"branch","line":6,"loc":{"start":{"line":6,"column":27},"end":{"line":47,"column":2}},"locations":[{"start":{"line":6,"column":27},"end":{"line":47,"column":2}}]},"1":{"type":"branch","line":10,"loc":{"start":{"line":10,"column":23},"end":{"line":10,"column":46}},"locations":[{"start":{"line":10,"column":23},"end":{"line":10,"column":46}}]},"2":{"type":"branch","line":10,"loc":{"start":{"line":10,"column":46},"end":{"line":10,"column":67}},"locations":[{"start":{"line":10,"column":46},"end":{"line":10,"column":67}}]},"3":{"type":"branch","line":10,"loc":{"start":{"line":10,"column":67},"end":{"line":10,"column":98}},"locations":[{"start":{"line":10,"column":67},"end":{"line":10,"column":98}}]},"4":{"type":"branch","line":10,"loc":{"start":{"line":10,"column":100},"end":{"line":12,"column":5}},"locations":[{"start":{"line":10,"column":100},"end":{"line":12,"column":5}}]},"5":{"type":"branch","line":12,"loc":{"start":{"line":12,"column":4},"end":{"line":19,"column":76}},"locations":[{"start":{"line":12,"column":4},"end":{"line":19,"column":76}}]},"6":{"type":"branch","line":19,"loc":{"start":{"line":19,"column":78},"end":{"line":21,"column":5}},"locations":[{"start":{"line":19,"column":78},"end":{"line":21,"column":5}}]},"7":{"type":"branch","line":21,"loc":{"start":{"line":21,"column":4},"end":{"line":24,"column":64}},"locations":[{"start":{"line":21,"column":4},"end":{"line":24,"column":64}}]},"8":{"type":"branch","line":24,"loc":{"start":{"line":24,"column":64},"end":{"line":26,"column":5}},"locations":[{"start":{"line":24,"column":64},"end":{"line":26,"column":5}}]},"9":{"type":"branch","line":26,"loc":{"start":{"line":26,"column":4},"end":{"line":29,"column":49}},"locations":[{"start":{"line":26,"column":4},"end":{"line":29,"column":49}}]},"10":{"type":"branch","line":29,"loc":{"start":{"line":29,"column":49},"end":{"line":31,"column":5}},"locations":[{"start":{"line":29,"column":49},"end":{"line":31,"column":5}}]},"11":{"type":"branch","line":31,"loc":{"start":{"line":31,"column":4},"end":{"line":47,"column":2}},"locations":[{"start":{"line":31,"column":4},"end":{"line":47,"column":2}}]},"12":{"type":"branch","line":43,"loc":{"start":{"line":43,"column":26},"end":{"line":46,"column":5}},"locations":[{"start":{"line":43,"column":26},"end":{"line":46,"column":5}}]},"13":{"type":"branch","line":44,"loc":{"start":{"line":44,"column":17},"end":{"line":44,"column":89}},"locations":[{"start":{"line":44,"column":17},"end":{"line":44,"column":89}}]},"14":{"type":"branch","line":51,"loc":{"start":{"line":51,"column":28},"end":{"line":85,"column":2}},"locations":[{"start":{"line":51,"column":28},"end":{"line":85,"column":2}}]},"15":{"type":"branch","line":54,"loc":{"start":{"line":54,"column":30},"end":{"line":56,"column":5}},"locations":[{"start":{"line":54,"column":30},"end":{"line":56,"column":5}}]},"16":{"type":"branch","line":56,"loc":{"start":{"line":56,"column":4},"end":{"line":85,"column":2}},"locations":[{"start":{"line":56,"column":4},"end":{"line":85,"column":2}}]},"17":{"type":"branch","line":59,"loc":{"start":{"line":59,"column":55},"end":{"line":84,"column":5}},"locations":[{"start":{"line":59,"column":55},"end":{"line":84,"column":5}}]},"18":{"type":"branch","line":60,"loc":{"start":{"line":60,"column":17},"end":{"line":62,"column":9}},"locations":[{"start":{"line":60,"column":17},"end":{"line":62,"column":9}}]},"19":{"type":"branch","line":64,"loc":{"start":{"line":64,"column":30},"end":{"line":66,"column":9}},"locations":[{"start":{"line":64,"column":30},"end":{"line":66,"column":9}}]},"20":{"type":"branch","line":68,"loc":{"start":{"line":68,"column":73},"end":{"line":83,"column":9}},"locations":[{"start":{"line":68,"column":73},"end":{"line":83,"column":9}}]},"21":{"type":"branch","line":69,"loc":{"start":{"line":69,"column":21},"end":{"line":71,"column":13}},"locations":[{"start":{"line":69,"column":21},"end":{"line":71,"column":13}}]},"22":{"type":"branch","line":73,"loc":{"start":{"line":73,"column":35},"end":{"line":75,"column":13}},"locations":[{"start":{"line":73,"column":35},"end":{"line":75,"column":13}}]},"23":{"type":"branch","line":78,"loc":{"start":{"line":78,"column":28},"end":{"line":80,"column":13}},"locations":[{"start":{"line":78,"column":28},"end":{"line":80,"column":13}}]},"24":{"type":"branch","line":89,"loc":{"start":{"line":89,"column":34},"end":{"line":103,"column":2}},"locations":[{"start":{"line":89,"column":34},"end":{"line":103,"column":2}}]},"25":{"type":"branch","line":92,"loc":{"start":{"line":92,"column":31},"end":{"line":102,"column":5}},"locations":[{"start":{"line":92,"column":31},"end":{"line":102,"column":5}}]},"26":{"type":"branch","line":93,"loc":{"start":{"line":93,"column":17},"end":{"line":95,"column":9}},"locations":[{"start":{"line":93,"column":17},"end":{"line":95,"column":9}}]},"27":{"type":"branch","line":97,"loc":{"start":{"line":97,"column":19},"end":{"line":99,"column":9}},"locations":[{"start":{"line":97,"column":19},"end":{"line":99,"column":9}}]},"28":{"type":"branch","line":99,"loc":{"start":{"line":99,"column":8},"end":{"line":102,"column":5}},"locations":[{"start":{"line":99,"column":8},"end":{"line":102,"column":5}}]},"29":{"type":"branch","line":106,"loc":{"start":{"line":106,"column":36},"end":{"line":124,"column":2}},"locations":[{"start":{"line":106,"column":36},"end":{"line":124,"column":2}}]},"30":{"type":"branch","line":110,"loc":{"start":{"line":110,"column":50},"end":{"line":123,"column":5}},"locations":[{"start":{"line":110,"column":50},"end":{"line":123,"column":5}}]},"31":{"type":"branch","line":111,"loc":{"start":{"line":111,"column":17},"end":{"line":113,"column":9}},"locations":[{"start":{"line":111,"column":17},"end":{"line":113,"column":9}}]},"32":{"type":"branch","line":118,"loc":{"start":{"line":118,"column":-2},"end":{"line":123,"column":5}},"locations":[{"start":{"line":118,"column":-2},"end":{"line":123,"column":5}}]},"33":{"type":"branch","line":127,"loc":{"start":{"line":127,"column":28},"end":{"line":177,"column":2}},"locations":[{"start":{"line":127,"column":28},"end":{"line":177,"column":2}}]},"34":{"type":"branch","line":130,"loc":{"start":{"line":130,"column":29},"end":{"line":176,"column":5}},"locations":[{"start":{"line":130,"column":29},"end":{"line":176,"column":5}}]},"35":{"type":"branch","line":131,"loc":{"start":{"line":131,"column":17},"end":{"line":133,"column":9}},"locations":[{"start":{"line":131,"column":17},"end":{"line":133,"column":9}}]},"36":{"type":"branch","line":135,"loc":{"start":{"line":135,"column":25},"end":{"line":137,"column":9}},"locations":[{"start":{"line":135,"column":25},"end":{"line":137,"column":9}}]},"37":{"type":"branch","line":137,"loc":{"start":{"line":137,"column":8},"end":{"line":176,"column":5}},"locations":[{"start":{"line":137,"column":8},"end":{"line":176,"column":5}}]},"38":{"type":"branch","line":145,"loc":{"start":{"line":145,"column":11},"end":{"line":175,"column":9}},"locations":[{"start":{"line":145,"column":11},"end":{"line":175,"column":9}}]},"39":{"type":"branch","line":146,"loc":{"start":{"line":146,"column":21},"end":{"line":148,"column":13}},"locations":[{"start":{"line":146,"column":21},"end":{"line":148,"column":13}}]},"40":{"type":"branch","line":154,"loc":{"start":{"line":154,"column":23},"end":{"line":156,"column":13}},"locations":[{"start":{"line":154,"column":23},"end":{"line":156,"column":13}}]},"41":{"type":"branch","line":161,"loc":{"start":{"line":161,"column":12},"end":{"line":175,"column":9}},"locations":[{"start":{"line":161,"column":12},"end":{"line":175,"column":9}}]}},"b":{"0":[5],"1":[4],"2":[4],"3":[4],"4":[1],"5":[4],"6":[0],"7":[4],"8":[1],"9":[3],"10":[1],"11":[2],"12":[2],"13":[0],"14":[3],"15":[1],"16":[2],"17":[2],"18":[0],"19":[0],"20":[2],"21":[0],"22":[0],"23":[220],"24":[4],"25":[4],"26":[0],"27":[1],"28":[3],"29":[3],"30":[3],"31":[0],"32":[0],"33":[3],"34":[3],"35":[0],"36":[1],"37":[2],"38":[2],"39":[0],"40":[0],"41":[0]},"fnMap":{"0":{"name":"createPianoPulizia","decl":{"start":{"line":6,"column":27},"end":{"line":47,"column":2}},"loc":{"start":{"line":6,"column":27},"end":{"line":47,"column":2}},"line":6},"1":{"name":"getPianoPuliziaList","decl":{"start":{"line":51,"column":28},"end":{"line":85,"column":2}},"loc":{"start":{"line":51,"column":28},"end":{"line":85,"column":2}},"line":51},"2":{"name":"getPianoPuliziaInfoForOrg","decl":{"start":{"line":89,"column":34},"end":{"line":103,"column":2}},"loc":{"start":{"line":89,"column":34},"end":{"line":103,"column":2}},"line":89},"3":{"name":"getPianoPuliziaInfoForRobot","decl":{"start":{"line":106,"column":36},"end":{"line":124,"column":2}},"loc":{"start":{"line":106,"column":36},"end":{"line":124,"column":2}},"line":106},"4":{"name":"assegnaPianoPulizia","decl":{"start":{"line":127,"column":28},"end":{"line":177,"column":2}},"loc":{"start":{"line":127,"column":28},"end":{"line":177,"column":2}},"line":127}},"f":{"0":5,"1":3,"2":4,"3":3,"4":3}}
,"C:\\Users\\smlxm\\OneDrive\\Desktop\\Corsi\\Ing.Software\\Back-end\\controllers\\rifiuto.js": {"path":"C:\\Users\\smlxm\\OneDrive\\Desktop\\Corsi\\Ing.Software\\Back-end\\controllers\\rifiuto.js","all":false,"statementMap":{"0":{"start":{"line":1,"column":0},"end":{"line":1,"column":45}},"1":{"start":{"line":2,"column":0},"end":{"line":2,"column":41}},"2":{"start":{"line":3,"column":0},"end":{"line":3,"column":56}},"3":{"start":{"line":4,"column":0},"end":{"line":4,"column":64}},"4":{"start":{"line":5,"column":0},"end":{"line":5,"column":28}},"5":{"start":{"line":6,"column":0},"end":{"line":6,"column":70}},"6":{"start":{"line":7,"column":0},"end":{"line":7,"column":0}},"7":{"start":{"line":8,"column":0},"end":{"line":8,"column":30}},"8":{"start":{"line":9,"column":0},"end":{"line":9,"column":45}},"9":{"start":{"line":10,"column":0},"end":{"line":10,"column":31}},"10":{"start":{"line":11,"column":0},"end":{"line":11,"column":0}},"11":{"start":{"line":12,"column":0},"end":{"line":12,"column":23}},"12":{"start":{"line":13,"column":0},"end":{"line":13,"column":0}},"13":{"start":{"line":14,"column":0},"end":{"line":14,"column":39}},"14":{"start":{"line":15,"column":0},"end":{"line":15,"column":41}},"15":{"start":{"line":16,"column":0},"end":{"line":16,"column":0}},"16":{"start":{"line":17,"column":0},"end":{"line":17,"column":48}},"17":{"start":{"line":18,"column":0},"end":{"line":18,"column":84}},"18":{"start":{"line":19,"column":0},"end":{"line":19,"column":5}},"19":{"start":{"line":20,"column":0},"end":{"line":20,"column":0}},"20":{"start":{"line":21,"column":0},"end":{"line":21,"column":44}},"21":{"start":{"line":22,"column":0},"end":{"line":22,"column":80}},"22":{"start":{"line":23,"column":0},"end":{"line":23,"column":45}},"23":{"start":{"line":24,"column":0},"end":{"line":24,"column":154}},"24":{"start":{"line":25,"column":0},"end":{"line":25,"column":36}},"25":{"start":{"line":26,"column":0},"end":{"line":26,"column":51}},"26":{"start":{"line":27,"column":0},"end":{"line":27,"column":113}},"27":{"start":{"line":28,"column":0},"end":{"line":28,"column":59}},"28":{"start":{"line":29,"column":0},"end":{"line":29,"column":26}},"29":{"start":{"line":30,"column":0},"end":{"line":30,"column":93}},"30":{"start":{"line":31,"column":0},"end":{"line":31,"column":17}},"31":{"start":{"line":32,"column":0},"end":{"line":32,"column":34}},"32":{"start":{"line":33,"column":0},"end":{"line":33,"column":80}},"33":{"start":{"line":34,"column":0},"end":{"line":34,"column":17}},"34":{"start":{"line":35,"column":0},"end":{"line":35,"column":84}},"35":{"start":{"line":36,"column":0},"end":{"line":36,"column":30}},"36":{"start":{"line":37,"column":0},"end":{"line":37,"column":97}},"37":{"start":{"line":38,"column":0},"end":{"line":38,"column":21}},"38":{"start":{"line":39,"column":0},"end":{"line":39,"column":35}},"39":{"start":{"line":40,"column":0},"end":{"line":40,"column":92}},"40":{"start":{"line":41,"column":0},"end":{"line":41,"column":21}},"41":{"start":{"line":42,"column":0},"end":{"line":42,"column":0}},"42":{"start":{"line":43,"column":0},"end":{"line":43,"column":50}},"43":{"start":{"line":44,"column":0},"end":{"line":44,"column":52}},"44":{"start":{"line":45,"column":0},"end":{"line":45,"column":43}},"45":{"start":{"line":46,"column":0},"end":{"line":46,"column":45}},"46":{"start":{"line":47,"column":0},"end":{"line":47,"column":49}},"47":{"start":{"line":48,"column":0},"end":{"line":48,"column":55}},"48":{"start":{"line":49,"column":0},"end":{"line":49,"column":23}},"49":{"start":{"line":50,"column":0},"end":{"line":50,"column":66}},"50":{"start":{"line":51,"column":0},"end":{"line":51,"column":52}},"51":{"start":{"line":52,"column":0},"end":{"line":52,"column":34}},"52":{"start":{"line":53,"column":0},"end":{"line":53,"column":101}},"53":{"start":{"line":54,"column":0},"end":{"line":54,"column":25}},"54":{"start":{"line":55,"column":0},"end":{"line":55,"column":58}},"55":{"start":{"line":56,"column":0},"end":{"line":56,"column":23}},"56":{"start":{"line":57,"column":0},"end":{"line":57,"column":19}},"57":{"start":{"line":58,"column":0},"end":{"line":58,"column":15}},"58":{"start":{"line":59,"column":0},"end":{"line":59,"column":9}},"59":{"start":{"line":60,"column":0},"end":{"line":60,"column":0}},"60":{"start":{"line":61,"column":0},"end":{"line":61,"column":76}},"61":{"start":{"line":62,"column":0},"end":{"line":62,"column":22}},"62":{"start":{"line":63,"column":0},"end":{"line":63,"column":18}},"63":{"start":{"line":64,"column":0},"end":{"line":64,"column":46}},"64":{"start":{"line":65,"column":0},"end":{"line":65,"column":9}},"65":{"start":{"line":66,"column":0},"end":{"line":66,"column":25}},"66":{"start":{"line":67,"column":0},"end":{"line":67,"column":37}},"67":{"start":{"line":68,"column":0},"end":{"line":68,"column":35}},"68":{"start":{"line":69,"column":0},"end":{"line":69,"column":9}},"69":{"start":{"line":70,"column":0},"end":{"line":70,"column":14}},"70":{"start":{"line":71,"column":0},"end":{"line":71,"column":85}},"71":{"start":{"line":72,"column":0},"end":{"line":72,"column":9}},"72":{"start":{"line":73,"column":0},"end":{"line":73,"column":21}},"73":{"start":{"line":74,"column":0},"end":{"line":74,"column":45}},"74":{"start":{"line":75,"column":0},"end":{"line":75,"column":80}},"75":{"start":{"line":76,"column":0},"end":{"line":76,"column":45}},"76":{"start":{"line":77,"column":0},"end":{"line":77,"column":154}},"77":{"start":{"line":78,"column":0},"end":{"line":78,"column":36}},"78":{"start":{"line":79,"column":0},"end":{"line":79,"column":51}},"79":{"start":{"line":80,"column":0},"end":{"line":80,"column":113}},"80":{"start":{"line":81,"column":0},"end":{"line":81,"column":59}},"81":{"start":{"line":82,"column":0},"end":{"line":82,"column":26}},"82":{"start":{"line":83,"column":0},"end":{"line":83,"column":93}},"83":{"start":{"line":84,"column":0},"end":{"line":84,"column":17}},"84":{"start":{"line":85,"column":0},"end":{"line":85,"column":34}},"85":{"start":{"line":86,"column":0},"end":{"line":86,"column":80}},"86":{"start":{"line":87,"column":0},"end":{"line":87,"column":17}},"87":{"start":{"line":88,"column":0},"end":{"line":88,"column":84}},"88":{"start":{"line":89,"column":0},"end":{"line":89,"column":30}},"89":{"start":{"line":90,"column":0},"end":{"line":90,"column":97}},"90":{"start":{"line":91,"column":0},"end":{"line":91,"column":21}},"91":{"start":{"line":92,"column":0},"end":{"line":92,"column":35}},"92":{"start":{"line":93,"column":0},"end":{"line":93,"column":92}},"93":{"start":{"line":94,"column":0},"end":{"line":94,"column":21}},"94":{"start":{"line":95,"column":0},"end":{"line":95,"column":0}},"95":{"start":{"line":96,"column":0},"end":{"line":96,"column":50}},"96":{"start":{"line":97,"column":0},"end":{"line":97,"column":52}},"97":{"start":{"line":98,"column":0},"end":{"line":98,"column":43}},"98":{"start":{"line":99,"column":0},"end":{"line":99,"column":45}},"99":{"start":{"line":100,"column":0},"end":{"line":100,"column":49}},"100":{"start":{"line":101,"column":0},"end":{"line":101,"column":55}},"101":{"start":{"line":102,"column":0},"end":{"line":102,"column":23}},"102":{"start":{"line":103,"column":0},"end":{"line":103,"column":66}},"103":{"start":{"line":104,"column":0},"end":{"line":104,"column":52}},"104":{"start":{"line":105,"column":0},"end":{"line":105,"column":34}},"105":{"start":{"line":106,"column":0},"end":{"line":106,"column":101}},"106":{"start":{"line":107,"column":0},"end":{"line":107,"column":25}},"107":{"start":{"line":108,"column":0},"end":{"line":108,"column":58}},"108":{"start":{"line":109,"column":0},"end":{"line":109,"column":23}},"109":{"start":{"line":110,"column":0},"end":{"line":110,"column":19}},"110":{"start":{"line":111,"column":0},"end":{"line":111,"column":15}},"111":{"start":{"line":112,"column":0},"end":{"line":112,"column":11}},"112":{"start":{"line":113,"column":0},"end":{"line":113,"column":14}},"113":{"start":{"line":114,"column":0},"end":{"line":114,"column":40}},"114":{"start":{"line":115,"column":0},"end":{"line":115,"column":56}},"115":{"start":{"line":116,"column":0},"end":{"line":116,"column":9}},"116":{"start":{"line":117,"column":0},"end":{"line":117,"column":10}},"117":{"start":{"line":118,"column":0},"end":{"line":118,"column":21}},"118":{"start":{"line":119,"column":0},"end":{"line":119,"column":81}},"119":{"start":{"line":120,"column":0},"end":{"line":120,"column":9}},"120":{"start":{"line":121,"column":0},"end":{"line":121,"column":2}},"121":{"start":{"line":122,"column":0},"end":{"line":122,"column":20}},"122":{"start":{"line":123,"column":0},"end":{"line":123,"column":42}},"123":{"start":{"line":124,"column":0},"end":{"line":124,"column":31}},"124":{"start":{"line":125,"column":0},"end":{"line":125,"column":0}},"125":{"start":{"line":126,"column":0},"end":{"line":126,"column":51}},"126":{"start":{"line":127,"column":0},"end":{"line":127,"column":18}},"127":{"start":{"line":128,"column":0},"end":{"line":128,"column":85}},"128":{"start":{"line":129,"column":0},"end":{"line":129,"column":9}},"129":{"start":{"line":130,"column":0},"end":{"line":130,"column":26}},"130":{"start":{"line":131,"column":0},"end":{"line":131,"column":72}},"131":{"start":{"line":132,"column":0},"end":{"line":132,"column":9}},"132":{"start":{"line":133,"column":0},"end":{"line":133,"column":76}},"133":{"start":{"line":134,"column":0},"end":{"line":134,"column":22}},"134":{"start":{"line":135,"column":0},"end":{"line":135,"column":89}},"135":{"start":{"line":136,"column":0},"end":{"line":136,"column":13}},"136":{"start":{"line":137,"column":0},"end":{"line":137,"column":27}},"137":{"start":{"line":138,"column":0},"end":{"line":138,"column":84}},"138":{"start":{"line":139,"column":0},"end":{"line":139,"column":13}},"139":{"start":{"line":140,"column":0},"end":{"line":140,"column":0}},"140":{"start":{"line":141,"column":0},"end":{"line":141,"column":69}},"141":{"start":{"line":142,"column":0},"end":{"line":142,"column":26}},"142":{"start":{"line":143,"column":0},"end":{"line":143,"column":93}},"143":{"start":{"line":144,"column":0},"end":{"line":144,"column":17}},"144":{"start":{"line":145,"column":0},"end":{"line":145,"column":28}},"145":{"start":{"line":146,"column":0},"end":{"line":146,"column":82}},"146":{"start":{"line":147,"column":0},"end":{"line":147,"column":17}},"147":{"start":{"line":148,"column":0},"end":{"line":148,"column":50}},"148":{"start":{"line":149,"column":0},"end":{"line":149,"column":15}},"149":{"start":{"line":150,"column":0},"end":{"line":150,"column":11}},"150":{"start":{"line":151,"column":0},"end":{"line":151,"column":7}},"151":{"start":{"line":152,"column":0},"end":{"line":152,"column":2}},"152":{"start":{"line":153,"column":0},"end":{"line":153,"column":0}},"153":{"start":{"line":154,"column":0},"end":{"line":154,"column":23}},"154":{"start":{"line":155,"column":0},"end":{"line":155,"column":28}},"155":{"start":{"line":156,"column":0},"end":{"line":156,"column":41}},"156":{"start":{"line":157,"column":0},"end":{"line":157,"column":31}},"157":{"start":{"line":158,"column":0},"end":{"line":158,"column":0}},"158":{"start":{"line":159,"column":0},"end":{"line":159,"column":51}},"159":{"start":{"line":160,"column":0},"end":{"line":160,"column":18}},"160":{"start":{"line":161,"column":0},"end":{"line":161,"column":85}},"161":{"start":{"line":162,"column":0},"end":{"line":162,"column":9}},"162":{"start":{"line":163,"column":0},"end":{"line":163,"column":26}},"163":{"start":{"line":164,"column":0},"end":{"line":164,"column":72}},"164":{"start":{"line":165,"column":0},"end":{"line":165,"column":9}},"165":{"start":{"line":166,"column":0},"end":{"line":166,"column":76}},"166":{"start":{"line":167,"column":0},"end":{"line":167,"column":22}},"167":{"start":{"line":168,"column":0},"end":{"line":168,"column":89}},"168":{"start":{"line":169,"column":0},"end":{"line":169,"column":13}},"169":{"start":{"line":170,"column":0},"end":{"line":170,"column":27}},"170":{"start":{"line":171,"column":0},"end":{"line":171,"column":84}},"171":{"start":{"line":172,"column":0},"end":{"line":172,"column":13}},"172":{"start":{"line":173,"column":0},"end":{"line":173,"column":0}},"173":{"start":{"line":174,"column":0},"end":{"line":174,"column":113}},"174":{"start":{"line":175,"column":0},"end":{"line":175,"column":26}},"175":{"start":{"line":176,"column":0},"end":{"line":176,"column":93}},"176":{"start":{"line":177,"column":0},"end":{"line":177,"column":17}},"177":{"start":{"line":178,"column":0},"end":{"line":178,"column":28}},"178":{"start":{"line":179,"column":0},"end":{"line":179,"column":82}},"179":{"start":{"line":180,"column":0},"end":{"line":180,"column":17}},"180":{"start":{"line":181,"column":0},"end":{"line":181,"column":38}},"181":{"start":{"line":182,"column":0},"end":{"line":182,"column":15}},"182":{"start":{"line":183,"column":0},"end":{"line":183,"column":11}},"183":{"start":{"line":184,"column":0},"end":{"line":184,"column":7}},"184":{"start":{"line":185,"column":0},"end":{"line":185,"column":2}},"185":{"start":{"line":186,"column":0},"end":{"line":186,"column":0}},"186":{"start":{"line":187,"column":0},"end":{"line":187,"column":24}},"187":{"start":{"line":188,"column":0},"end":{"line":188,"column":28}},"188":{"start":{"line":189,"column":0},"end":{"line":189,"column":42}},"189":{"start":{"line":190,"column":0},"end":{"line":190,"column":36}},"190":{"start":{"line":191,"column":0},"end":{"line":191,"column":0}},"191":{"start":{"line":192,"column":0},"end":{"line":192,"column":19}},"192":{"start":{"line":193,"column":0},"end":{"line":193,"column":78}},"193":{"start":{"line":194,"column":0},"end":{"line":194,"column":5}},"194":{"start":{"line":195,"column":0},"end":{"line":195,"column":0}},"195":{"start":{"line":196,"column":0},"end":{"line":196,"column":90}},"196":{"start":{"line":197,"column":0},"end":{"line":197,"column":18}},"197":{"start":{"line":198,"column":0},"end":{"line":198,"column":85}},"198":{"start":{"line":199,"column":0},"end":{"line":199,"column":9}},"199":{"start":{"line":200,"column":0},"end":{"line":200,"column":20}},"200":{"start":{"line":201,"column":0},"end":{"line":201,"column":74}},"201":{"start":{"line":202,"column":0},"end":{"line":202,"column":9}},"202":{"start":{"line":203,"column":0},"end":{"line":203,"column":53}},"203":{"start":{"line":204,"column":0},"end":{"line":204,"column":35}},"204":{"start":{"line":205,"column":0},"end":{"line":205,"column":26}},"205":{"start":{"line":206,"column":0},"end":{"line":206,"column":9}},"206":{"start":{"line":207,"column":0},"end":{"line":207,"column":26}},"207":{"start":{"line":208,"column":0},"end":{"line":208,"column":42}},"208":{"start":{"line":209,"column":0},"end":{"line":209,"column":7}},"209":{"start":{"line":210,"column":0},"end":{"line":210,"column":2}},"210":{"start":{"line":211,"column":0},"end":{"line":211,"column":0}},"211":{"start":{"line":212,"column":0},"end":{"line":212,"column":23}},"212":{"start":{"line":213,"column":0},"end":{"line":213,"column":37}},"213":{"start":{"line":214,"column":0},"end":{"line":214,"column":29}},"214":{"start":{"line":215,"column":0},"end":{"line":215,"column":0}},"215":{"start":{"line":216,"column":0},"end":{"line":216,"column":14}},"216":{"start":{"line":217,"column":0},"end":{"line":217,"column":73}},"217":{"start":{"line":218,"column":0},"end":{"line":218,"column":5}},"218":{"start":{"line":219,"column":0},"end":{"line":219,"column":0}},"219":{"start":{"line":220,"column":0},"end":{"line":220,"column":50}},"220":{"start":{"line":221,"column":0},"end":{"line":221,"column":18}},"221":{"start":{"line":222,"column":0},"end":{"line":222,"column":85}},"222":{"start":{"line":223,"column":0},"end":{"line":223,"column":9}},"223":{"start":{"line":224,"column":0},"end":{"line":224,"column":20}},"224":{"start":{"line":225,"column":0},"end":{"line":225,"column":74}},"225":{"start":{"line":226,"column":0},"end":{"line":226,"column":9}},"226":{"start":{"line":227,"column":0},"end":{"line":227,"column":42}},"227":{"start":{"line":228,"column":0},"end":{"line":228,"column":6}},"228":{"start":{"line":229,"column":0},"end":{"line":229,"column":2}},"229":{"start":{"line":230,"column":0},"end":{"line":230,"column":0}},"230":{"start":{"line":231,"column":0},"end":{"line":231,"column":33}},"231":{"start":{"line":232,"column":0},"end":{"line":232,"column":41}},"232":{"start":{"line":233,"column":0},"end":{"line":233,"column":29}},"233":{"start":{"line":234,"column":0},"end":{"line":234,"column":53}},"234":{"start":{"line":235,"column":0},"end":{"line":235,"column":0}},"235":{"start":{"line":236,"column":0},"end":{"line":236,"column":34}},"236":{"start":{"line":237,"column":0},"end":{"line":237,"column":92}},"237":{"start":{"line":238,"column":0},"end":{"line":238,"column":5}},"238":{"start":{"line":239,"column":0},"end":{"line":239,"column":0}},"239":{"start":{"line":240,"column":0},"end":{"line":240,"column":101}},"240":{"start":{"line":241,"column":0},"end":{"line":241,"column":18}},"241":{"start":{"line":242,"column":0},"end":{"line":242,"column":85}},"242":{"start":{"line":243,"column":0},"end":{"line":243,"column":9}},"243":{"start":{"line":244,"column":0},"end":{"line":244,"column":20}},"244":{"start":{"line":245,"column":0},"end":{"line":245,"column":74}},"245":{"start":{"line":246,"column":0},"end":{"line":246,"column":9}},"246":{"start":{"line":247,"column":0},"end":{"line":247,"column":42}},"247":{"start":{"line":248,"column":0},"end":{"line":248,"column":6}},"248":{"start":{"line":249,"column":0},"end":{"line":249,"column":2}},"249":{"start":{"line":250,"column":0},"end":{"line":250,"column":0}},"250":{"start":{"line":251,"column":0},"end":{"line":251,"column":0}},"251":{"start":{"line":252,"column":0},"end":{"line":252,"column":29}},"252":{"start":{"line":253,"column":0},"end":{"line":253,"column":18}},"253":{"start":{"line":254,"column":0},"end":{"line":254,"column":23}},"254":{"start":{"line":255,"column":0},"end":{"line":255,"column":18}},"255":{"start":{"line":256,"column":0},"end":{"line":256,"column":22}},"256":{"start":{"line":257,"column":0},"end":{"line":257,"column":26}},"257":{"start":{"line":258,"column":0},"end":{"line":258,"column":22}},"258":{"start":{"line":259,"column":0},"end":{"line":259,"column":22}},"259":{"start":{"line":260,"column":0},"end":{"line":260,"column":2}}},"s":{"0":1,"1":1,"2":1,"3":1,"4":1,"5":1,"6":1,"7":1,"8":1,"9":4,"10":4,"11":4,"12":4,"13":4,"14":4,"15":4,"16":4,"17":1,"18":1,"19":3,"20":3,"21":3,"22":3,"23":3,"24":3,"25":3,"26":3,"27":3,"28":3,"29":0,"30":0,"31":3,"32":2,"33":2,"34":1,"35":1,"36":0,"37":0,"38":1,"39":0,"40":0,"41":1,"42":1,"43":1,"44":1,"45":1,"46":1,"47":1,"48":1,"49":1,"50":1,"51":1,"52":0,"53":0,"54":1,"55":1,"56":1,"57":3,"58":3,"59":0,"60":0,"61":0,"62":0,"63":0,"64":0,"65":0,"66":0,"67":0,"68":0,"69":0,"70":0,"71":0,"72":0,"73":0,"74":0,"75":0,"76":0,"77":0,"78":0,"79":0,"80":0,"81":0,"82":0,"83":0,"84":0,"85":0,"86":0,"87":0,"88":0,"89":0,"90":0,"91":0,"92":0,"93":0,"94":0,"95":0,"96":0,"97":0,"98":0,"99":0,"100":0,"101":0,"102":0,"103":0,"104":0,"105":0,"106":0,"107":0,"108":0,"109":0,"110":0,"111":0,"112":0,"113":0,"114":0,"115":0,"116":4,"117":4,"118":4,"119":4,"120":4,"121":1,"122":1,"123":1,"124":1,"125":1,"126":1,"127":0,"128":0,"129":1,"130":0,"131":0,"132":1,"133":1,"134":0,"135":0,"136":1,"137":0,"138":0,"139":1,"140":1,"141":1,"142":0,"143":0,"144":1,"145":0,"146":0,"147":1,"148":1,"149":1,"150":1,"151":1,"152":1,"153":1,"154":1,"155":1,"156":3,"157":3,"158":3,"159":3,"160":0,"161":0,"162":3,"163":1,"164":1,"165":2,"166":2,"167":0,"168":0,"169":2,"170":1,"171":1,"172":1,"173":1,"174":1,"175":0,"176":0,"177":1,"178":0,"179":0,"180":1,"181":1,"182":2,"183":3,"184":3,"185":1,"186":1,"187":1,"188":1,"189":2,"190":2,"191":2,"192":1,"193":1,"194":1,"195":1,"196":1,"197":0,"198":0,"199":1,"200":0,"201":0,"202":1,"203":1,"204":0,"205":0,"206":1,"207":1,"208":1,"209":1,"210":1,"211":1,"212":1,"213":1,"214":1,"215":1,"216":0,"217":0,"218":1,"219":1,"220":1,"221":0,"222":0,"223":1,"224":0,"225":0,"226":1,"227":1,"228":1,"229":1,"230":1,"231":1,"232":2,"233":2,"234":2,"235":2,"236":1,"237":1,"238":1,"239":1,"240":1,"241":0,"242":0,"243":1,"244":0,"245":0,"246":1,"247":1,"248":1,"249":1,"250":1,"251":1,"252":1,"253":1,"254":1,"255":1,"256":1,"257":1,"258":1,"259":1},"branchMap":{"0":{"type":"branch","line":9,"loc":{"start":{"line":9,"column":30},"end":{"line":121,"column":2}},"locations":[{"start":{"line":9,"column":30},"end":{"line":121,"column":2}}]},"1":{"type":"branch","line":17,"loc":{"start":{"line":17,"column":24},"end":{"line":17,"column":45}},"locations":[{"start":{"line":17,"column":24},"end":{"line":17,"column":45}}]},"2":{"type":"branch","line":17,"loc":{"start":{"line":17,"column":47},"end":{"line":19,"column":5}},"locations":[{"start":{"line":17,"column":47},"end":{"line":19,"column":5}}]},"3":{"type":"branch","line":19,"loc":{"start":{"line":19,"column":4},"end":{"line":59,"column":9}},"locations":[{"start":{"line":19,"column":4},"end":{"line":59,"column":9}}]},"4":{"type":"branch","line":59,"loc":{"start":{"line":59,"column":8},"end":{"line":116,"column":9}},"locations":[{"start":{"line":59,"column":8},"end":{"line":116,"column":9}}]},"5":{"type":"branch","line":28,"loc":{"start":{"line":28,"column":37},"end":{"line":58,"column":13}},"locations":[{"start":{"line":28,"column":37},"end":{"line":58,"column":13}}]},"6":{"type":"branch","line":29,"loc":{"start":{"line":29,"column":25},"end":{"line":31,"column":17}},"locations":[{"start":{"line":29,"column":25},"end":{"line":31,"column":17}}]},"7":{"type":"branch","line":32,"loc":{"start":{"line":32,"column":33},"end":{"line":34,"column":17}},"locations":[{"start":{"line":32,"column":33},"end":{"line":34,"column":17}}]},"8":{"type":"branch","line":34,"loc":{"start":{"line":34,"column":16},"end":{"line":58,"column":13}},"locations":[{"start":{"line":34,"column":16},"end":{"line":58,"column":13}}]},"9":{"type":"branch","line":35,"loc":{"start":{"line":35,"column":65},"end":{"line":57,"column":17}},"locations":[{"start":{"line":35,"column":65},"end":{"line":57,"column":17}}]},"10":{"type":"branch","line":36,"loc":{"start":{"line":36,"column":29},"end":{"line":38,"column":21}},"locations":[{"start":{"line":36,"column":29},"end":{"line":38,"column":21}}]},"11":{"type":"branch","line":39,"loc":{"start":{"line":39,"column":34},"end":{"line":41,"column":21}},"locations":[{"start":{"line":39,"column":34},"end":{"line":41,"column":21}}]},"12":{"type":"branch","line":51,"loc":{"start":{"line":51,"column":36},"end":{"line":56,"column":21}},"locations":[{"start":{"line":51,"column":36},"end":{"line":56,"column":21}}]},"13":{"type":"branch","line":52,"loc":{"start":{"line":52,"column":33},"end":{"line":54,"column":25}},"locations":[{"start":{"line":52,"column":33},"end":{"line":54,"column":25}}]},"14":{"type":"branch","line":123,"loc":{"start":{"line":123,"column":27},"end":{"line":152,"column":2}},"locations":[{"start":{"line":123,"column":27},"end":{"line":152,"column":2}}]},"15":{"type":"branch","line":126,"loc":{"start":{"line":126,"column":29},"end":{"line":151,"column":5}},"locations":[{"start":{"line":126,"column":29},"end":{"line":151,"column":5}}]},"16":{"type":"branch","line":127,"loc":{"start":{"line":127,"column":17},"end":{"line":129,"column":9}},"locations":[{"start":{"line":127,"column":17},"end":{"line":129,"column":9}}]},"17":{"type":"branch","line":130,"loc":{"start":{"line":130,"column":25},"end":{"line":132,"column":9}},"locations":[{"start":{"line":130,"column":25},"end":{"line":132,"column":9}}]},"18":{"type":"branch","line":133,"loc":{"start":{"line":133
[...]
,"C:\\Users\\smlxm\\OneDrive\\Desktop\\Corsi\\Ing.Software\\Back-end\\models\\organisation.js": {"path":"C:\\Users\\smlxm\\OneDrive\\Desktop\\Corsi\\Ing.Software\\Back-end\\models\\organisation.js","all":false,"statementMap":{"0":{"start":{"line":1,"column":0},"end":{"line":1,"column":55}},"1":{"start":{"line":2,"column":0},"end":{"line":2,"column":0}},"2":{"start":{"line":3,"column":0},"end":{"line":3,"column":22}},"3":{"start":{"line":4,"column":0},"end":{"line":4,"column":48}},"4":{"start":{"line":5,"column":0},"end":{"line":5,"column":43}},"5":{"start":{"line":6,"column":0},"end":{"line":6,"column":25}},"6":{"start":{"line":7,"column":0},"end":{"line":7,"column":3}},"7":{"start":{"line":8,"column":0},"end":{"line":8,"column":0}},"8":{"start":{"line":9,"column":0},"end":{"line":9,"column":72}},"9":{"start":{"line":10,"column":0},"end":{"line":10,"column":58}}},"s":{"0":1,"1":1,"2":1,"3":1,"4":1,"5":1,"6":1,"7":1,"8":1,"9":1},"branchMap":{},"b":{},"fnMap":{},"f":{}}
,"C:\\Users\\smlxm\\OneDrive\\Desktop\\Corsi\\Ing.Software\\Back-end\\models\\piano_pulizia.js": {"path":"C:\\Users\\smlxm\\OneDrive\\Desktop\\Corsi\\Ing.Software\\Back-end\\models\\piano_pulizia.js","all":false,"statementMap":{"0":{"start":{"line":1,"column":0},"end":{"line":1,"column":55}},"1":{"start":{"line":2,"column":0},"end":{"line":2,"column":0}},"2":{"start":{"line":3,"column":0},"end":{"line":3,"column":23}},"3":{"start":{"line":4,"column":0},"end":{"line":4,"column":49}},"4":{"start":{"line":5,"column":0},"end":{"line":5,"column":20}},"5":{"start":{"line":6,"column":0},"end":{"line":6,"column":22}},"6":{"start":{"line":7,"column":0},"end":{"line":7,"column":20}},"7":{"start":{"line":8,"column":0},"end":{"line":8,"column":21}},"8":{"start":{"line":9,"column":0},"end":{"line":9,"column":31}},"9":{"start":{"line":10,"column":0},"end":{"line":10,"column":3}},"10":{"start":{"line":11,"column":0},"end":{"line":11,"column":0}},"11":{"start":{"line":12,"column":0},"end":{"line":12,"column":114}},"12":{"start":{"line":13,"column":0},"end":{"line":13,"column":59}}},"s":{"0":1,"1":1,"2":1,"3":1,"4":1,"5":1,"6":1,"7":1,"8":1,"9":1,"10":1,"11":1,"12":1},"branchMap":{},"b":{},"fnMap":{},"f":{}}
,"C:\\Users\\smlxm\\OneDrive\\Desktop\\Corsi\\Ing.Software\\Back-end\\models\\rifiuto.js": {"path":"C:\\Users\\smlxm\\OneDrive\\Desktop\\Corsi\\Ing.Software\\Back-end\\models\\rifiuto.js","all":false,"statementMap":{"0":{"start":{"line":1,"column":0},"end":{"line":1,"column":55}},"1":{"start":{"line":2,"column":0},"end":{"line":2,"column":0}},"2":{"start":{"line":3,"column":0},"end":{"line":3,"column":17}},"3":{"start":{"line":4,"column":0},"end":{"line":4,"column":43}},"4":{"start":{"line":5,"column":0},"end":{"line":5,"column":15}},"5":{"start":{"line":6,"column":0},"end":{"line":6,"column":21}},"6":{"start":{"line":7,"column":0},"end":{"line":7,"column":22}},"7":{"start":{"line":8,"column":0},"end":{"line":8,"column":6}},"8":{"start":{"line":9,"column":0},"end":{"line":9,"column":16}},"9":{"start":{"line":10,"column":0},"end":{"line":10,"column":20}},"10":{"start":{"line":11,"column":0},"end":{"line":11,"column":20}},"11":{"start":{"line":12,"column":0},"end":{"line":12,"column":20}},"12":{"start":{"line":13,"column":0},"end":{"line":13,"column":6}},"13":{"start":{"line":14,"column":0},"end":{"line":14,"column":28}},"14":{"start":{"line":15,"column":0},"end":{"line":15,"column":20}},"15":{"start":{"line":16,"column":0},"end":{"line":16,"column":3}},"16":{"start":{"line":17,"column":0},"end":{"line":17,"column":0}},"17":{"start":{"line":18,"column":0},"end":{"line":18,"column":90}},"18":{"start":{"line":19,"column":0},"end":{"line":19,"column":53}}},"s":{"0":1,"1":1,"2":1,"3":1,"4":1,"5":1,"6":1,"7":1,"8":1,"9":1,"10":1,"11":1,"12":1,"13":1,"14":1,"15":1,"16":1,"17":1,"18":1},"branchMap":{},"b":{},"fnMap":{},"f":{}}
,"C:\\Users\\smlxm\\OneDrive\\Desktop\\Corsi\\Ing.Software\\Back-end\\models\\robot.js": {"path":"C:\\Users\\smlxm\\OneDrive\\Desktop\\Corsi\\Ing.Software\\Back-end\\models\\robot.js","all":false,"statementMap":{"0":{"start":{"line":1,"column":0},"end":{"line":1,"column":55}},"1":{"start":{"line":2,"column":0},"end":{"line":2,"column":0}},"2":{"start":{"line":3,"column":0},"end":{"line":3,"column":15}},"3":{"start":{"line":4,"column":0},"end":{"line":4,"column":41}},"4":{"start":{"line":5,"column":0},"end":{"line":5,"column":29}},"5":{"start":{"line":6,"column":0},"end":{"line":6,"column":24}},"6":{"start":{"line":7,"column":0},"end":{"line":7,"column":21}},"7":{"start":{"line":8,"column":0},"end":{"line":8,"column":16}},"8":{"start":{"line":9,"column":0},"end":{"line":9,"column":20}},"9":{"start":{"line":10,"column":0},"end":{"line":10,"column":20}},"10":{"start":{"line":11,"column":0},"end":{"line":11,"column":20}},"11":{"start":{"line":12,"column":0},"end":{"line":12,"column":6}},"12":{"start":{"line":13,"column":0},"end":{"line":13,"column":20}},"13":{"start":{"line":14,"column":0},"end":{"line":14,"column":32}},"14":{"start":{"line":15,"column":0},"end":{"line":15,"column":3}},"15":{"start":{"line":16,"column":0},"end":{"line":16,"column":0}},"16":{"start":{"line":17,"column":0},"end":{"line":17,"column":82}},"17":{"start":{"line":18,"column":0},"end":{"line":18,"column":51}}},"s":{"0":1,"1":1,"2":1,"3":1,"4":1,"5":1,"6":1,"7":1,"8":1,"9":1,"10":1,"11":1,"12":1,"13":1,"14":1,"15":1,"16":1,"17":1},"branchMap":{},"b":{},"fnMap":{},"f":{}}
,"C:\\Users\\smlxm\\OneDrive\\Desktop\\Corsi\\Ing.Software\\Back-end\\models\\utente.js": {"path":"C:\\Users\\smlxm\\OneDrive\\Desktop\\Corsi\\Ing.Software\\Back-end\\models\\utente.js","all":false,"statementMap":{"0":{"start":{"line":1,"column":0},"end":{"line":1,"column":55}},"1":{"start":{"line":2,"column":0},"end":{"line":2,"column":0}},"2":{"start":{"line":3,"column":0},"end":{"line":3,"column":16}},"3":{"start":{"line":4,"column":0},"end":{"line":4,"column":42}},"4":{"start":{"line":5,"column":0},"end":{"line":5,"column":21}},"5":{"start":{"line":6,"column":0},"end":{"line":6,"column":18}},"6":{"start":{"line":7,"column":0},"end":{"line":7,"column":23}},"7":{"start":{"line":8,"column":0},"end":{"line":8,"column":26}},"8":{"start":{"line":9,"column":0},"end":{"line":9,"column":18}},"9":{"start":{"line":10,"column":0},"end":{"line":10,"column":33}},"10":{"start":{"line":11,"column":0},"end":{"line":11,"column":3}},"11":{"start":{"line":12,"column":0},"end":{"line":12,"column":0}},"12":{"start":{"line":13,"column":0},"end":{"line":13,"column":86}},"13":{"start":{"line":14,"column":0},"end":{"line":14,"column":52}}},"s":{"0":1,"1":1,"2":1,"3":1,"4":1,"5":1,"6":1,"7":1,"8":1,"9":1,"10":1,"11":1,"12":1,"13":1},"branchMap":{},"b":{},"fnMap":{},"f":{}}
,"C:\\Users\\smlxm\\OneDrive\\Desktop\\Corsi\\Ing.Software\\Back-end\\models\\zona.js": {"path":"C:\\Users\\smlxm\\OneDrive\\Desktop\\Corsi\\Ing.Software\\Back-end\\models\\zona.js","all":false,"statementMap":{"0":{"start":{"line":1,"column":0},"end":{"line":1,"column":55}},"1":{"start":{"line":2,"column":0},"end":{"line":2,"column":0}},"2":{"start":{"line":3,"column":0},"end":{"line":3,"column":14}},"3":{"start":{"line":4,"column":0},"end":{"line":4,"column":40}},"4":{"start":{"line":5,"column":0},"end":{"line":5,"column":15}},"5":{"start":{"line":6,"column":0},"end":{"line":6,"column":20}},"6":{"start":{"line":7,"column":0},"end":{"line":7,"column":20}},"7":{"start":{"line":8,"column":0},"end":{"line":8,"column":20}},"8":{"start":{"line":9,"column":0},"end":{"line":9,"column":18}},"9":{"start":{"line":10,"column":0},"end":{"line":10,"column":7}},"10":{"start":{"line":11,"column":0},"end":{"line":11,"column":27}},"11":{"start":{"line":12,"column":0},"end":{"line":12,"column":26}},"12":{"start":{"line":13,"column":0},"end":{"line":13,"column":20}},"13":{"start":{"line":14,"column":0},"end":{"line":14,"column":24}},"14":{"start":{"line":15,"column":0},"end":{"line":15,"column":24}},"15":{"start":{"line":16,"column":0},"end":{"line":16,"column":24}},"16":{"start":{"line":17,"column":0},"end":{"line":17,"column":9}},"17":{"start":{"line":18,"column":0},"end":{"line":18,"column":6}},"18":{"start":{"line":19,"column":0},"end":{"line":19,"column":3}},"19":{"start":{"line":20,"column":0},"end":{"line":20,"column":0}},"20":{"start":{"line":21,"column":0},"end":{"line":21,"column":13}},"21":{"start":{"line":22,"column":0},"end":{"line":22,"column":48}},"22":{"start":{"line":23,"column":0},"end":{"line":23,"column":22}}},"s":{"0":1,"1":1,"2":1,"3":1,"4":1,"5":1,"6":1,"7":1,"8":1,"9":1,"10":1,"11":1,"12":1,"13":1,"14":1,"15":1,"16":1,"17":1,"18":1,"19":1,"20":1,"21":1,"22":1},"branchMap":{},"b":{},"fnMap":{},"f":{}}
,"C:\\Users\\smlxm\\OneDrive\\Desktop\\Corsi\\Ing.Software\\Back-end\\routes\\organisation.js": {"path":"C:\\Users\\smlxm\\OneDrive\\Desktop\\Corsi\\Ing.Software\\Back-end\\routes\\organisation.js","all":false,"statementMap":{"0":{"start":{"line":1,"column":0},"end":{"line":1,"column":52}},"1":{"start":{"line":2,"column":0},"end":{"line":2,"column":0}},"2":{"start":{"line":3,"column":0},"end":{"line":3,"column":5}},"3":{"start":{"line":4,"column":0},"end":{"line":4,"column":32}},"4":{"start":{"line":5,"column":0},"end":{"line":5,"column":5}},"5":{"start":{"line":6,"column":0},"end":{"line":6,"column":70}},"6":{"start":{"line":7,"column":0},"end":{"line":7,"column":81}},"7":{"start":{"line":8,"column":0},"end":{"line":8,"column":5}},"8":{"start":{"line":9,"column":0},"end":{"line":9,"column":0}},"9":{"start":{"line":10,"column":0},"end":{"line":10,"column":83}},"10":{"start":{"line":11,"column":0},"end":{"line":11,"column":0}},"11":{"start":{"line":12,"column":0},"end":{"line":12,"column":94}},"12":{"start":{"line":13,"column":0},"end":{"line":13,"column":0}},"13":{"start":{"line":14,"column":0},"end":{"line":14,"column":93}},"14":{"start":{"line":15,"column":0},"end":{"line":15,"column":0}},"15":{"start":{"line":16,"column":0},"end":{"line":16,"column":93}},"16":{"start":{"line":17,"column":0},"end":{"line":17,"column":0}},"17":{"start":{"line":18,"column":0},"end":{"line":18,"column":104}},"18":{"start":{"line":19,"column":0},"end":{"line":19,"column":0}},"19":{"start":{"line":20,"column":0},"end":{"line":20,"column":54}}},"s":{"0":1,"1":1,"2":1,"3":1,"4":1,"5":1,"6":1,"7":1,"8":1,"9":1,"10":1,"11":1,"12":1,"13":1,"14":1,"15":1,"16":1,"17":1,"18":1,"19":1},"branchMap":{},"b":{},"fnMap":{},"f":{}}
,"C:\\Users\\smlxm\\OneDrive\\Desktop\\Corsi\\Ing.Software\\Back-end\\routes\\piano_pulizia.js": {"path":"C:\\Users\\smlxm\\OneDrive\\Desktop\\Corsi\\Ing.Software\\Back-end\\routes\\piano_pulizia.js","all":false,"statementMap":{"0":{"start":{"line":1,"column":0},"end":{"line":1,"column":52}},"1":{"start":{"line":2,"column":0},"end":{"line":2,"column":0}},"2":{"start":{"line":3,"column":0},"end":{"line":3,"column":5}},"3":{"start":{"line":4,"column":0},"end":{"line":4,"column":32}},"4":{"start":{"line":5,"column":0},"end":{"line":5,"column":5}},"5":{"start":{"line":6,"column":0},"end":{"line":6,"column":72}},"6":{"start":{"line":7,"column":0},"end":{"line":7,"column":59}},"7":{"start":{"line":8,"column":0},"end":{"line":8,"column":5}},"8":{"start":{"line":9,"column":0},"end":{"line":9,"column":0}},"9":{"start":{"line":10,"column":0},"end":{"line":10,"column":88}},"10":{"start":{"line":11,"column":0},"end":{"line":11,"column":0}},"11":{"start":{"line":12,"column":0},"end":{"line":12,"column":93}},"12":{"start":{"line":13,"column":0},"end":{"line":13,"column":0}},"13":{"start":{"line":14,"column":0},"end":{"line":14,"column":111}},"14":{"start":{"line":15,"column":0},"end":{"line":15,"column":0}},"15":{"start":{"line":16,"column":0},"end":{"line":16,"column":102}},"16":{"start":{"line":17,"column":0},"end":{"line":17,"column":0}},"17":{"start":{"line":18,"column":0},"end":{"line":18,"column":90}},"18":{"start":{"line":19,"column":0},"end":{"line":19,"column":0}},"19":{"start":{"line":20,"column":0},"end":{"line":20,"column":0}},"20":{"start":{"line":21,"column":0},"end":{"line":21,"column":54}}},"s":{"0":1,"1":1,"2":1,"3":1,"4":1,"5":1,"6":1,"7":1,"8":1,"9":1,"10":1,"11":1,"12":1,"13":1,"14":1,"15":1,"16":1,"17":1,"18":1,"19":1,"20":1},"branchMap":{},"b":{},"fnMap":{},"f":{}}
,"C:\\Users\\smlxm\\OneDrive\\Desktop\\Corsi\\Ing.Software\\Back-end\\routes\\rifiuto.js": {"path":"C:\\Users\\smlxm\\OneDrive\\Desktop\\Corsi\\Ing.Software\\Back-end\\routes\\rifiuto.js","all":false,"statementMap":{"0":{"start":{"line":1,"column":0},"end":{"line":1,"column":52}},"1":{"start":{"line":2,"column":0},"end":{"line":2,"column":0}},"2":{"start":{"line":3,"column":0},"end":{"line":3,"column":5}},"3":{"start":{"line":4,"column":0},"end":{"line":4,"column":32}},"4":{"start":{"line":5,"column":0},"end":{"line":5,"column":5}},"5":{"start":{"line":6,"column":0},"end":{"line":6,"column":60}},"6":{"start":{"line":7,"column":0},"end":{"line":7,"column":59}},"7":{"start":{"line":8,"column":0},"end":{"line":8,"column":5}},"8":{"start":{"line":9,"column":0},"end":{"line":9,"column":0}},"9":{"start":{"line":10,"column":0},"end":{"line":10,"column":79}},"10":{"start":{"line":11,"column":0},"end":{"line":11,"column":0}},"11":{"start":{"line":12,"column":0},"end":{"line":12,"column":84}},"12":{"start":{"line":13,"column":0},"end":{"line":13,"column":0}},"13":{"start":{"line":14,"column":0},"end":{"line":14,"column":84}},"14":{"start":{"line":15,"column":0},"end":{"line":15,"column":0}},"15":{"start":{"line":16,"column":0},"end":{"line":16,"column":86}},"16":{"start":{"line":17,"column":0},"end":{"line":17,"column":0}},"17":{"start":{"line":18,"column":0},"end":{"line":18,"column":77}},"18":{"start":{"line":19,"column":0},"end":{"line":19,"column":0}},"19":{"start":{"line":20,"column":0},"end":{"line":20,"column":80}},"20":{"start":{"line":21,"column":0},"end":{"line":21,"column":0}},"21":{"start":{"line":22,"column":0},"end":{"line":22,"column":0}},"22":{"start":{"line":23,"column":0},"end":{"line":23,"column":0}},"23":{"start":{"line":24,"column":0},"end":{"line":24,"column":0}},"24":{"start":{"line":25,"column":0},"end":{"line":25,"column":0}},"25":{"start":{"line":26,"column":0},"end":{"line":26,"column":24}}},"s":{"0":1,"1":1,"2":1,"3":1,"4":1,"5":1,"6":1,"7":1,"8":1,"9":1,"10":1,"11":1,"12":1,"13":1,"14":1,"15":1,"16":1,"17":1,"18":1,"19":1,"20":1,"21":1,"22":1,"23":1,"24":1,"25":1},"branchMap":{},"b":{},"fnMap":{},"f":{}}
,"C:\\Users\\smlxm\\OneDrive\\Desktop\\Corsi\\Ing.Software\\Back-end\\routes\\robot.js": {"path":"C:\\Users\\smlxm\\OneDrive\\Desktop\\Corsi\\Ing.Software\\Back-end\\routes\\robot.js","all":false,"statementMap":{"0":{"start":{"line":1,"column":0},"end":{"line":1,"column":52}},"1":{"start":{"line":2,"column":0},"end":{"line":2,"column":0}},"2":{"start":{"line":3,"column":0},"end":{"line":3,"column":5}},"3":{"start":{"line":4,"column":0},"end":{"line":4,"column":32}},"4":{"start":{"line":5,"column":0},"end":{"line":5,"column":5}},"5":{"start":{"line":6,"column":0},"end":{"line":6,"column":56}},"6":{"start":{"line":7,"column":0},"end":{"line":7,"column":59}},"7":{"start":{"line":8,"column":0},"end":{"line":8,"column":5}},"8":{"start":{"line":9,"column":0},"end":{"line":9,"column":0}},"9":{"start":{"line":10,"column":0},"end":{"line":10,"column":65}},"10":{"start":{"line":11,"column":0},"end":{"line":11,"column":0}},"11":{"start":{"line":12,"column":0},"end":{"line":12,"column":69}},"12":{"start":{"line":13,"column":0},"end":{"line":13,"column":0}},"13":{"start":{"line":14,"column":0},"end":{"line":14,"column":64}},"14":{"start":{"line":15,"column":0},"end":{"line":15,"column":0}},"15":{"start":{"line":16,"column":0},"end":{"line":16,"column":5}},"16":{"start":{"line":17,"column":0},"end":{"line":17,"column":54}}},"s":{"0":1,"1":1,"2":1,"3":1,"4":1,"5":1,"6":1,"7":1,"8":1,"9":1,"10":1,"11":1,"12":1,"13":1,"14":1,"15":1,"16":1},"branchMap":{},"b":{},"fnMap":{},"f":{}}
,"C:\\Users\\smlxm\\OneDrive\\Desktop\\Corsi\\Ing.Software\\Back-end\\routes\\utente.js": {"path":"C:\\Users\\smlxm\\OneDrive\\Desktop\\Corsi\\Ing.Software\\Back-end\\routes\\utente.js","all":false,"statementMap":{"0":{"start":{"line":1,"column":0},"end":{"line":1,"column":52}},"1":{"start":{"line":2,"column":0},"end":{"line":2,"column":0}},"2":{"start":{"line":3,"column":0},"end":{"line":3,"column":5}},"3":{"start":{"line":4,"column":0},"end":{"line":4,"column":32}},"4":{"start":{"line":5,"column":0},"end":{"line":5,"column":5}},"5":{"start":{"line":6,"column":0},"end":{"line":6,"column":58}},"6":{"start":{"line":7,"column":0},"end":{"line":7,"column":81}},"7":{"start":{"line":8,"column":0},"end":{"line":8,"column":5}},"8":{"start":{"line":9,"column":0},"end":{"line":9,"column":0}},"9":{"start":{"line":10,"column":0},"end":{"line":10,"column":55}},"10":{"start":{"line":11,"column":0},"end":{"line":11,"column":0}},"11":{"start":{"line":12,"column":0},"end":{"line":12,"column":53}},"12":{"start":{"line":13,"column":0},"end":{"line":13,"column":0}},"13":{"start":{"line":14,"column":0},"end":{"line":14,"column":68}},"14":{"start":{"line":15,"column":0},"end":{"line":15,"column":0}},"15":{"start":{"line":16,"column":0},"end":{"line":16,"column":85}},"16":{"start":{"line":17,"column":0},"end":{"line":17,"column":0}},"17":{"start":{"line":18,"column":0},"end":{"line":18,"column":73}},"18":{"start":{"line":19,"column":0},"end":{"line":19,"column":0}},"19":{"start":{"line":20,"column":0},"end":{"line":20,"column":0}},"20":{"start":{"line":21,"column":0},"end":{"line":21,"column":0}},"21":{"start":{"line":22,"column":0},"end":{"line":22,"column":54}}},"s":{"0":1,"1":1,"2":1,"3":1,"4":1,"5":1,"6":1,"7":1,"8":1,"9":1,"10":1,"11":1,"12":1,"13":1,"14":1,"15":1,"16":1,"17":1,"18":1,"19":1,"20":1,"21":1},"branchMap":{},"b":{},"fnMap":{},"f":{}}
,"C:\\Users\\smlxm\\OneDrive\\Desktop\\Corsi\\Ing.Software\\Back-end\\routes\\zona.js": {"path":"C:\\Users\\smlxm\\OneDrive\\Desktop\\Corsi\\Ing.Software\\Back-end\\routes\\zona.js","all":false,"statementMap":{"0":{"start":{"line":1,"column":0},"end":{"line":1,"column":52}},"1":{"start":{"line":2,"column":0},"end":{"line":2,"column":0}},"2":{"start":{"line":3,"column":0},"end":{"line":3,"column":5}},"3":{"start":{"line":4,"column":0},"end":{"line":4,"column":32}},"4":{"start":{"line":5,"column":0},"end":{"line":5,"column":5}},"5":{"start":{"line":6,"column":0},"end":{"line":6,"column":54}},"6":{"start":{"line":7,"column":0},"end":{"line":7,"column":59}},"7":{"start":{"line":8,"column":0},"end":{"line":8,"column":5}},"8":{"start":{"line":9,"column":0},"end":{"line":9,"column":0}},"9":{"start":{"line":10,"column":0},"end":{"line":10,"column":62}},"10":{"start":{"line":11,"column":0},"end":{"line":11,"column":0}},"11":{"start":{"line":12,"column":0},"end":{"line":12,"column":79}},"12":{"start":{"line":13,"column":0},"end":{"line":13,"column":0}},"13":{"start":{"line":14,"column":0},"end":{"line":14,"column":83}},"14":{"start":{"line":15,"column":0},"end":{"line":15,"column":5}},"15":{"start":{"line":16,"column":0},"end":{"line":16,"column":54}}},"s":{"0":1,"1":1,"2":1,"3":1,"4":1,"5":1,"6":1,"7":1,"8":1,"9":1,"10":1,"11":1,"12":1,"13":1,"14":1,"15":1},"branchMap":{},"b":{},"fnMap":{},"f":{}}
}
